23485.9 0.9 0.9 0.9
20846 0.8 0.8 0.8
26029 1 1 1
26083.5 1 1 1
26061.2 1 1 1
26021.9 1 1 1
23443.1 0.9 0.9 0.9
23457.3 0.9 0.9 0.9
26052.6 1 1 1
20827.1 0.8 0.8 0.8
23473.3 0.9 0.9 0.9
26068.1 1 1 1
26081.4 1 1 1
26049.7 1 1 1
26073.7 1 1 1
26122.8 1 1 1
26036.9 1 1 1
26062 1 1 1
26114.7 1 1 1
26119.9 1 1 1
26015.3 1 1 1
26046.7 1 1 1
26073.4 1 1 1
23430.3 0.9 0.9 0.9
26041.2 1 1 1
26080.5 1 1 1
26047.6 1 1 1
26053.4 1 1 1
26078.8 1 1 1
26115.2 1 1 1
26053.6 1 1 1
26013.7 1 1 1
26109.7 1 1 1
26065.1 1 1 1
26082.8 1 1 1
26049.9 1 1 1
26140.9 1 1 1
26066.4 1 1 1
26039.6 1 1 1
25987.1 1 1 1
26017.3 1 1 1
26025.1 1 1 1
23497 0.9 0.9 0.9
26080.1 1 1 1
26049.4 1 1 1
26048.8 1 1 1
26084.6 1 1 1
26101.3 1 1 1
23512.1 0.9 0.9 0.9
26102.6 1 1 1
23490.3 0.9 0.9 0.9
26010.8 1 1 1
26116.8 1 1 1
26085.3 1 1 1
26038.4 1 1 1
23407.2 0.9 0.9 0.9
26098.5 1 1 1
23507.2 0.9 0.9 0.9
25989.2 1 1 1
26117 1 1 1
26114.2 1 1 1
26017 1 1 1
26103.8 1 1 1
26049.4 1 1 1
26084.5 1 1 1
23456.5 0.9 0.9 0.9
26013.1 1 1 1
26138.5 1 1 1
26051.4 1 1 1
26091.5 1 1 1
23493.2 0.9 0.9 0.9
26054.1 1 1 1
26123.3 1 1 1
26005.3 1 1 1
23484.6 0.9 0.9 0.9
26108.2 1 1 1
26010.8 1 1 1
26040.9 1 1 1
26144.6 1 1 1
23484.6 0.9 0.9 0.9
25999.3 1 1 1
26066.8 1 1 1
26108.1 1 1 1
26045.2 1 1 1
23446.9 0.9 0.9 0.9
26072.3 1 1 1
25992.6 1 1 1
26146.6 1 1 1
26090.3 1 1 1
26110.6 1 1 1
26059.9 1 1 1
26040.5 1 1 1
25966.9 1 1 1
23387.1 0.9 0.9 0.9
26062.5 1 1 1
26084.8 1 1 1
26122.7 1 1 1
26057.2 1 1 1
26088.9 1 1 1
26033.9 1 1 1
