0.5
0.895
0.33643
0.799217
0.574479
0.875141
0.391183
0.852609
0.449887
0.88601
0.361568
0.826395
0.51361
0.894337
0.338304
0.801399
0.569788
0.877564
0.384654
0.847369
0.463018
0.890104
0.350192
0.814656
0.54055
0.889113
0.352955
0.817592
0.533904
0.890885
0.348008
0.812297
0.545845
0.887476
0.357508
0.822312
0.523092
0.893091
0.341816
0.805421
0.56105
0.881657
0.37353
0.837739
0.486637
0.894361
0.338237
0.801321
0.569956
0.87748
0.384881
0.847556
0.462552
0.88998
0.350539
0.815028
0.539712
0.889354
0.352284
0.816884
0.535512
0.890485
0.349126
0.813509
0.54313
0.88834
0.355106
0.819841
0.528773
0.892036
0.344781
0.808748
0.553736
0.884662
0.365285
0.830029
0.505069
0.894908
0.336691
0.799522
0.573827
0.875488
0.390253
0.851881
0.451724
0.886657
0.359778
0.824609
0.517771
0.893869
0.339624
0.80292
0.566497
0.87917
0.380304
0.843709
0.472074
0.892208
0.344299
0.80821
0.554923
