0.1
0.072
0.0534528
0.0404765
0.0310705
0.0240841
0.0188032
0.0147597
0.0116335
0.00919854
0.00729114
0.00579039
0.00460549
0.00366742
0.00292318
0.00233171
0.00186101
0.00148604
0.00118707
0.000948526
0.000758101
0.000606021
0.000484523
0.000387431
0.000309824
0.000247783
0.000198177
0.00015851
0.000126788
0.000101418
8.11258e-05
6.48954e-05
5.1913e-05
4.15282e-05
3.32212e-05
2.65761e-05
2.12603e-05
1.70079e-05
1.36061e-05
1.08847e-05
8.70767e-06
6.96607e-06
5.57282e-06
4.45823e-06
3.56657e-06
2.85325e-06
2.28259e-06
1.82607e-06
1.46085e-06
1.16868e-06
9.34942e-07
7.47953e-07
5.98362e-07
4.78689e-07
3.82951e-07
3.06361e-07
2.45089e-07
1.96071e-07
1.56857e-07
1.25485e-07
1.00388e-07
8.03106e-08
6.42485e-08
5.13988e-08
4.1119e-08
3.28952e-08
2.63162e-08
2.10529e-08
1.68423e-08
1.34739e-08
1.07791e-08
8.62328e-09
6.89863e-09
5.5189e-09
4.41512e-09
3.5321e-09
2.82568e-09
2.26054e-09
1.80843e-09
1.44675e-09
1.1574e-09
9.25918e-10
7.40734e-10
5.92587e-10
4.7407e-10
3.79256e-10
3.03405e-10
2.42724e-10
1.94179e-10
1.55343e-10
1.24275e-10
9.94197e-11
7.95357e-11
6.36286e-11
5.09029e-11
4.07223e-11
3.25778e-11
2.60623e-11
2.08498e-11
1.66799e-11
1.33439e-11
1.06751e-11
8.54008e-12
6.83207e-12
5.46565e-12
4.37252e-12
3.49802e-12
2.79841e-12
2.23873e-12
1.79099e-12
1.43279e-12
1.14623e-12
9.16985e-13
7.33588e-13
5.8687e-13
4.69496e-13
3.75597e-13
3.00477e-13
2.40382e-13
1.92306e-13
1.53844e-13
1.23076e-13
9.84605e-14
7.87684e-14
6.30147e-14
5.04118e-14
4.03294e-14
3.22635e-14
2.58108e-14
2.06487e-14
1.65189e-14
1.32151e-14
1.05721e-14
8.45769e-15
6.76615e-15
5.41292e-15
4.33034e-15
3.46427e-15
2.77142e-15
2.21713e-15
1.77371e-15
1.41896e-15
1.13517e-15
9.08138e-16
7.2651e-16
5.81208e-16
4.64966e-16
3.71973e-16
2.97578e-16
2.38063e-16
1.9045e-16
1.5236e-16
1.21888e-16
9.75105e-17
7.80084e-17
6.24067e-17
4.99254e-17
3.99403e-17
3.19522e-17
2.55618e-17
2.04494e-17
1.63596e-17
1.30876e-17
1.04701e-17
8.37609e-18
6.70087e-18
5.3607e-18
4.28856e-18
3.43085e-18
2.74468e-18
2.19574e-18
1.75659e-18
1.40527e-18
1.12422e-18
8.99376e-19
7.19501e-19
5.75601e-19
4.6048e-19
3.68384e-19
2.94707e-19
2.35766e-19
1.88613e-19
1.5089e-19
1.20712e-19
9.65697e-20
7.72558e-20
6.18046e-20
4.94437e-20
3.9555e-20
3.1644e-20
2.53152e-20
2.02521e-20
1.62017e-20
1.29614e-20
1.03691e-20
8.29528e-21
6.63622e-21
5.30898e-21
4.24718e-21
3.39775e-21
2.7182e-21
