0.5
0.2
0.128
0.0892928
0.0650557
0.0486587
0.0370329
0.0285291
0.0221722
0.0173445
0.0136349
0.0107592
0.00851475
0.0067538
0.00536655
0.0042702
0.00340157
0.002712
0.00216372
0.00172723
0.0013794
0.00110199
0.000880624
0.000703879
0.000562707
0.000449912
0.000359768
0.000287711
0.000230102
0.000184039
0.000147204
0.000117746
9.41859e-05
7.53416e-05
6.02687e-05
4.82121e-05
3.85678e-05
3.08531e-05
2.46817e-05
1.97449e-05
1.57956e-05
1.26363e-05
1.01089e-05
8.08702e-06
6.46957e-06
5.17562e-06
4.14047e-06
3.31237e-06
2.64988e-06
2.1199e-06
1.69592e-06
1.35673e-06
1.08538e-06
8.68306e-07
6.94644e-07
5.55715e-07
4.44572e-07
3.55657e-07
2.84526e-07
2.27621e-07
1.82096e-07
1.45677e-07
1.16542e-07
9.32333e-08
7.45866e-08
5.96693e-08
4.77354e-08
3.81884e-08
3.05507e-08
2.44405e-08
1.95524e-08
1.56419e-08
1.25136e-08
1.00108e-08
8.00868e-09
6.40694e-09
5.12555e-09
4.10044e-09
3.28035e-09
2.62428e-09
2.09943e-09
1.67954e-09
1.34363e-09
1.07491e-09
8.59925e-10
6.8794e-10
5.50352e-10
4.40282e-10
3.52225e-10
2.8178e-10
2.25424e-10
1.80339e-10
1.44271e-10
1.15417e-10
9.23338e-11
7.3867e-11
5.90936e-11
4.72749e-11
3.78199e-11
3.02559e-11
2.42047e-11
1.93638e-11
1.5491e-11
1.23928e-11
9.91426e-12
7.93141e-12
6.34513e-12
5.0761e-12
4.06088e-12
3.24871e-12
2.59896e-12
2.07917e-12
1.66334e-12
1.33067e-12
1.06454e-12
8.51629e-13
6.81303e-13
5.45042e-13
4.36034e-13
3.48827e-13
2.79062e-13
2.23249e-13
1.78599e-13
1.4288e-13
1.14304e-13
9.14429e-14
7.31543e-14
5.85235e-14
4.68188e-14
3.7455e-14
2.9964e-14
2.39712e-14
1.9177e-14
1.53416e-14
1.22733e-14
9.81861e-15
7.85489e-15
6.28391e-15
5.02713e-15
4.0217e-15
3.21736e-15
2.57389e-15
2.05911e-15
1.64729e-15
1.31783e-15
1.05427e-15
8.43412e-16
6.7473e-16
5.39784e-16
4.31827e-16
3.45462e-16
2.76369e-16
2.21095e-16
1.76876e-16
1.41501e-16
1.13201e-16
9.05607e-17
7.24485e-17
5.79588e-17
4.63671e-17
3.70937e-17
2.96749e-17
2.37399e-17
1.8992e-17
1.51936e-17
1.21548e-17
9.72388e-18
7.7791e-18
6.22328e-18
4.97863e-18
3.9829e-18
3.18632e-18
2.54906e-18
2.03925e-18
1.6314e-18
1.30512e-18
1.04409e-18
8.35275e-19
6.6822e-19
5.34576e-19
4.27661e-19
3.42129e-19
2.73703e-19
2.18962e-19
1.7517e-19
1.40136e-19
1.12109e-19
8.9687e-20
7.17496e-20
5.73997e-20
4.59197e-20
3.67358e-20
2.93886e-20
2.35109e-20
1.88087e-20
1.5047e-20
1.20376e-20
9.63006e-21
7.70405e-21
6.16324e-21
4.93059e-21
