0.501389
0.497916
0.49927
0.499138
0.501
0.500089
0.499584
0.499129
0.500684
0.501402
0.500662
0.497907
0.501211
0.499401
0.500547
0.500034
0.500404
0.499556
0.499265
0.501311
0.499611
0.499435
0.499113
0.499992
0.501229
0.501249
0.500647
0.500029
0.498759
0.500389
0.500835
0.499652
0.49854
0.500183
0.498719
0.500049
0.499709
0.500787
0.501139
0.500664
0.499866
0.49791
0.499835
0.499614
0.50093
0.500064
0.499687
0.499307
0.502853
0.497877
0.500946
0.499613
0.499442
0.50199
0.502267
0.499992
0.498958
0.499989
0.498356
0.500705
0.500047
0.499939
0.499963
0.500766
0.498947
0.4986
0.498547
0.498361
0.500311
0.500426
0.499793
0.500257
0.500551
0.499832
0.500272
0.501878
0.497435
0.499341
0.50106
0.499297
0.501006
0.499011
0.500118
0.499884
0.499522
0.500356
0.501487
0.501395
0.499046
0.499376
0.499047
0.500746
0.498583
0.498476
0.499361
0.500117
0.500565
0.500651
0.499898
0.499464
0.500774
0.498527
0.49876
0.498914
0.499791
0.500548
0.498458
0.499657
0.499556
0.500272
0.501356
0.498355
0.501241
0.500029
0.499539
0.498975
0.500747
0.4993
0.501556
0.499405
0.497874
0.49856
0.499119
0.499592
0.499199
0.500555
0.501746
0.500498
0.500898
0.500744
0.501637
0.498904
0.499258
0.501637
0.500337
0.499346
0.500665
0.499098
0.498578
0.50053
0.500417
0.4994
0.500315
0.49914
0.497752
0.500006
0.500348
0.498774
0.50161
0.500446
0.50171
0.499545
0.499683
0.497409
0.500896
0.500696
0.50027
0.501783
0.501108
0.502239
0.498529
0.499646
0.501444
0.500629
0.500602
0.498933
0.503195
0.501445
0.497552
0.499219
0.500396
0.499011
0.500406
0.498317
0.500269
0.499803
0.500195
0.500595
0.501092
0.500576
0.498932
0.499995
0.500942
0.500705
0.500502
0.499449
0.501077
0.500455
0.501273
0.500307
0.501707
0.500324
0.501832
0.500194
0.497581
0.498705
0.500765
0.49972
0.498475
0.49959
0.500248
0.50007
0.4993
0.501017
0.497677
0.498567
0.500595
0.498985
0.502482
0.503237
0.500058
0.500708
0.498475
0.499005
0.499401
0.499701
0.501023
0.499753
0.498332
0.499047
0.501249
0.499469
0.498378
0.499871
0.501862
0.49967
0.5003
0.497949
0.499272
0.500541
0.500373
0.499938
0.501054
0.500012
0.499352
0.500761
0.501138
0.498877
0.500651
0.49807
0.500397
0.500157
0.498788
0.497996
0.499433
0.500379
0.500954
0.500395
0.498735
0.500577
0.50016
0.49915
0.501464
0.499945
0.500496
0.500593
0.499116
0.501581
0.502904
0.499422
0.500372
0.500895
0.498461
0.497606
0.501476
0.499169
0.501125
0.501588
0.49943
0.50106
0.501273
0.502151
0.499394
0.499583
0.50227
0.499072
0.500208
0.497203
0.499645
0.498796
0.500817
0.501191
0.500565
0.499357
0.499935
0.500189
0.501022
0.500061
0.500127
0.50008
0.500972
0.499191
0.499342
0.499946
0.500314
0.500963
0.499405
0.50105
0.500942
0.500725
0.499702
0.499963
0.500452
0.499464
0.500568
0.499292
0.499021
0.501059
0.500435
0.4995
0.497552
0.501549
0.500013
0.498005
0.50298
0.498311
0.500616
0.500683
0.500571
0.502388
0.499781
0.50002
0.497881
0.499629
0.499893
0.498374
0.499968
0.498654
0.500764
0.501765
0.500148
0.498119
0.499287
0.499617
0.499419
0.500614
0.501371
0.498293
0.500065
0.499964
0.500016
0.50133
0.499015
0.501625
0.499756
0.499465
0.50098
0.499109
0.503303
0.499668
0.501446
0.50088
0.500104
0.498093
0.499963
0.501637
0.500981
0.499431
0.499888
0.50057
0.501872
0.498076
0.500942
0.499279
0.500497
0.499308
0.500552
0.499068
0.499884
0.501105
0.500558
0.502951
0.50126
0.499741
0.500293
0.499829
0.500766
0.498441
0.501534
0.49764
0.499395
0.501309
0.501157
0.502907
0.498645
0.499533
0.498673
0.500524
0.497808
0.498734
0.500456
0.501979
0.5005
0.501606
0.498865
0.499746
0.499715
0.50029
0.50007
0.499275
0.50063
0.501735
0.498277
0.500302
0.499195
0.500832
0.499116
0.502134
0.499728
0.498603
0.500705
0.501011
0.500188
0.499519
0.500422
0.499443
0.500405
0.500347
0.498297
0.499636
0.499754
0.500243
0.501282
0.499682
0.501317
0.498041
0.499186
0.50079
0.499453
0.49975
0.499592
0.499728
0.500568
0.499767
0.500183
0.500607
0.499335
0.497939
0.499991
0.499845
0.499311
0.501005
0.498772
0.498699
0.498929
0.500016
0.499021
0.5001
0.500105
0.500457
0.502354
0.499935
0.501988
0.49868
0.499545
0.499385
0.499167
0.500567
0.500497
0.498441
0.498365
0.499436
0.497926
0.499053
0.500201
0.498901
0.498481
0.501283
0.500574
0.498626
0.502014
0.49834
0.498709
0.498633
0.501698
0.500674
0.499803
0.499785
0.499923
0.500116
0.49911
0.49984
0.499043
0.499154
0.499264
0.499916
0.502659
0.499126
0.500753
0.500643
0.500177
0.499055
0.500625
0.49848
0.500995
0.498178
0.500316
0.500422
0.499842
0.499684
0.501274
0.500433
0.500149
0.50138
0.500283
0.503009
0.499009
0.499394
0.499493
0.500275
0.498226
0.501491
0.499826
0.498371
0.500832
0.499691
0.498904
0.501957
0.50028
0.500629
0.498865
0.501206
0.500214
0.50059
0.500031
0.497481
0.498821
0.501708
0.499724
0.500276
0.500524
0.499941
0.499255
0.500061
0.499819
0.498749
0.49815
0.497591
0.500611
0.500762
0.500928
0.500337
0.500143
0.501745
0.499391
0.499278
0.499271
0.501616
0.501456
0.500955
0.501347
0.500457
0.498277
0.500071
0.499619
0.499608
0.498435
0.501137
0.500411
0.497455
0.498429
0.500873
0.498938
0.499206
0.501461
0.499104
0.498996
0.49919
0.499827
0.499221
0.500078
0.500858
0.501001
0.498757
0.49918
0.500126
0.50125
0.501614
0.498834
0.499657
0.49918
0.498547
0.501509
0.501675
0.502136
0.49952
0.50121
0.499396
0.500873
0.50143
0.500495
0.500634
0.499732
0.501803
0.499439
0.499361
0.499741
0.501352
0.501395
0.499333
0.500059
0.498024
0.500125
0.500988
0.499965
0.499185
0.501655
0.501001
0.499023
0.500278
0.50002
0.501428
0.500299
0.502207
0.499892
0.500538
0.499342
0.500883
0.499629
0.499186
0.500354
0.497786
0.498234
0.501973
0.50098
0.50005
0.500217
0.5004
0.500651
0.501174
0.501107
0.500687
0.499943
0.50111
0.499546
0.500214
0.500592
0.500098
0.499213
0.499224
0.49738
0.498414
0.499955
0.499515
0.501314
0.500651
0.499808
0.501036
0.499354
0.499468
0.499493
0.501544
0.498674
0.501197
0.499738
0.499576
0.499819
0.500852
0.499112
0.499362
0.498852
0.501118
0.498481
0.499082
0.498473
0.501167
0.499657
0.497765
0.498273
0.499991
0.49841
0.499629
0.499531
0.500034
0.502332
0.498947
0.498894
0.500812
0.500781
0.501114
0.501737
0.49914
0.500496
0.499494
0.500619
0.498873
0.499484
0.501597
0.500945
0.499781
0.500172
0.498978
0.500906
0.498382
0.500867
0.498601
0.500437
0.500059
0.502764
0.499969
0.498329
0.500491
0.49983
0.49903
0.499663
0.499804
0.500023
0.501636
0.50065
0.501326
0.498707
0.501116
0.501203
0.498338
0.499014
0.49827
0.497632
0.500192
0.4997
0.499941
0.501412
0.499296
0.501474
0.501194
0.500136
0.499948
0.500801
0.500843
0.49892
0.497352
0.499531
0.500598
0.501095
0.499769
0.500891
0.497489
0.498959
0.500207
0.499336
0.49985
0.499302
0.499971
0.49888
0.500469
0.499523
0.499173
0.499048
0.500722
0.500637
0.500748
0.500503
0.500509
0.501095
0.497447
0.501014
0.500008
0.501264
0.499737
0.502305
0.50049
0.499472
0.500005
0.499268
0.498119
0.498671
0.499829
0.499242
0.497922
0.500122
0.499413
0.500033
0.498888
0.498561
0.498355
0.501798
0.498151
0.499802
0.500409
0.498695
0.499931
0.499771
0.500563
0.501361
0.500975
0.501944
0.500665
0.498044
0.497435
0.498302
0.501058
0.500066
0.50148
0.499759
0.498921
0.498857
0.500821
0.498687
0.499574
0.498598
0.500865
0.497298
0.498746
0.498168
0.498972
0.499338
0.498432
0.501067
0.498187
0.501362
0.499464
0.500302
0.499968
0.500108
0.497524
0.499772
0.496816
0.499342
0.5004
0.501277
0.500078
0.499998
0.500725
0.499671
0.499377
0.500697
0.499555
0.499922
0.499407
0.500519
0.500365
0.49916
0.501949
0.498806
0.499527
0.499092
0.497734
0.498895
0.499573
0.500849
0.500608
0.500638
0.498619
0.500304
0.500934
0.499941
0.500066
0.499205
0.499444
0.499829
0.502218
0.500443
0.499269
0.49792
0.500034
0.500258
0.499838
0.498358
0.499871
0.499115
0.500767
0.500033
0.499682
0.500646
0.499411
0.498814
0.500324
0.501205
0.499928
0.498659
0.500904
0.499305
0.500074
0.499105
0.499837
0.500795
0.499624
0.499121
0.502138
0.498485
0.499346
0.500967
0.501693
0.499622
0.499775
0.500526
0.500568
0.500635
0.498397
0.499583
0.500251
0.499908
0.498316
0.501602
0.499244
0.501054
0.499908
0.499109
0.501634
0.499051
0.500627
0.500703
0.499474
0.499577
0.501312
0.499725
0.499859
0.49865
0.501222
0.500195
0.500329
0.500489
0.499177
0.498743
0.497664
0.498684
0.500116
0.500334
0.500762
0.499256
0.499803
0.498321
0.500971
0.498713
0.497902
0.499041
0.501594
0.500439
0.500243
0.501708
0.49825
0.502257
0.498583
0.500806
0.500761
0.499828
0.50056
0.499848
0.500773
0.502359
0.500228
0.500385
0.500545
0.500349
0.500353
0.501442
0.500665
0.499225
0.500131
0.499922
0.501732
0.503184
0.50014
0.500679
0.502125
0.500785
0.499332
0.500889
0.499148
0.500476
0.500099
0.498409
0.500505
0.497984
0.503114
0.499788
0.50038
0.499746
0.49625
0.497654
0.499384
0.499603
0.499266
0.501485
0.499681
0.500765
0.500851
0.500346
0.498746
0.49703
0.49826
0.499878
0.500327
0.49959
0.499334
0.501196
0.499279
0.498238
0.498471
0.500258
0.499045
0.501289
0.502105
0.500122
0.500336
0.498794
0.499748
0.497808
0.498684
0.499115
0.497863
