-0.0079 6.241e-05 -0.0005 2.5e-07
-0.0084 7.056e-05 -0.00085 7.225e-07
-0.0089 7.921e-05 -0.00055 3.025e-07
-0.0098 9.604e-05 5e-05 2.5e-09
-0.0099 9.801e-05 0.0001 1e-08
-0.0108 0.00011664 -0.0004 1.6e-07
-0.0115 0.00013225 -0.0008 6.4e-07
-0.0122 0.00014884 -0.00015 2.25e-08
-0.0129 0.00016641 0.0003 9e-08
-0.014 0.000196 0.0009 8.1e-07
-0.0142 0.00020164 0.001 1e-06
-0.0152 0.00023104 -0.0004 1.6e-07
-0.0155 0.00024025 -0.0005 2.5e-07
-0.0156 0.00024336 -0.00045 2.025e-07
-0.0162 0.00026244 0.0002 4e-08
-0.0164 0.00026896 0.0004 1.6e-07
-0.0169 0.00028561 0.00065 4.225e-07
-0.0183 0.00033489 -0.00095 9.025e-07
-0.0183 0.00033489 -0.001 1e-06
-0.0187 0.00034969 -0.00125 1.5625e-06
-0.0192 0.00036864 -0.00095 9.025e-07
-0.0197 0.00038809 -0.0013 1.69e-06
-0.0205 0.00042025 -0.00205 4.2025e-06
-0.0207 0.00042849 -0.00215 4.6225e-06
-0.0211 0.00044521 -0.0025 6.25e-06
-0.0214 0.00045796 -0.00215 4.6225e-06
-0.022 0.000484 -0.0026 6.76e-06
-0.022 0.000484 -0.00255 6.5025e-06
-0.0229 0.00052441 -0.0017 2.89e-06
-0.0231 0.00053361 -0.00185 3.4225e-06
-0.024 0.000576 -0.0029 8.41e-06
-0.0246 0.00060516 -0.00335 1.12225e-05
-0.0247 0.00061009 -0.00355 1.26025e-05
-0.0249 0.00062001 -0.0035 1.225e-05
-0.0266 0.00070756 -0.00475 2.25625e-05
-0.0271 0.00073441 -0.0043 1.849e-05
-0.0274 0.00075076 -0.0042 1.764e-05
-0.0278 0.00077284 -0.0044 1.936e-05
-0.028 0.000784 -0.0042 1.764e-05
-0.0282 0.00079524 -0.00415 1.72225e-05
-0.0286 0.00081796 -0.00375 1.40625e-05
-0.0287 0.00082369 -0.0038 1.444e-05
-0.0304 0.00092416 -0.0018 3.24e-06
-0.0305 0.00093025 -0.00185 3.4225e-06
-0.0311 0.00096721 -0.0023 5.29e-06
-0.0327 0.00106929 -0.001 1e-06
-0.0332 0.00110224 -0.0005 2.5e-07
-0.0336 0.00112896 -0.0008 6.4e-07
-0.0348 0.00121104 0.00045 2.025e-07
-0.0353 0.00124609 0.0009 8.1e-07
-0.0354 0.00125316 0.00085 7.225e-07
-0.0355 0.00126025 0.0009 8.1e-07
-0.0357 0.00127449 0.00085 7.225e-07
-0.0364 0.00132496 0.0003 9e-08
-0.0366 0.00133956 0.0005 2.5e-07
-0.0386 0.00148996 -0.00135 1.8225e-06
-0.0388 0.00150544 -0.0013 1.69e-06
-0.0392 0.00153664 -0.00175 3.0625e-06
-0.0393 0.00154449 -0.0017 2.89e-06
-0.0396 0.00156816 -0.0016 2.56e-06
-0.0397 0.00157609 -0.00145 2.1025e-06
-0.04 0.0016 -0.00155 2.4025e-06
-0.0405 0.00164025 -0.00205 4.2025e-06
-0.0407 0.00165649 -0.00185 3.4225e-06
-0.0407 0.00165649 -0.0019 3.61e-06
-0.0408 0.00166464 -0.00195 3.8025e-06
-0.0409 0.00167281 -0.00205 4.2025e-06
-0.0412 0.00169744 -0.0019 3.61e-06
-0.0422 0.00178084 -0.0026 6.76e-06
-0.0422 0.00178084 -0.00265 7.0225e-06
-0.043 0.001849 -0.00195 3.8025e-06
-0.0429 0.00184041 -0.0019 3.61e-06
-0.0432 0.00186624 -0.00165 2.7225e-06
-0.0441 0.00194481 -0.0007 4.9e-07
-0.0456 0.00207936 -0.0016 2.56e-06
-0.0475 0.00225625 -0.00305 9.3025e-06
-0.0493 0.00243049 -0.00195 3.8025e-06
-0.0495 0.00245025 -0.0018 3.24e-06
-0.0508 0.00258064 -0.00105 1.1025e-06
-0.0509 0.00259081 -0.0011 1.21e-06
-0.0509 0.00259081 -0.0012 1.44e-06
-0.0512 0.00262144 -0.0008 6.4e-07
-0.0515 0.00265225 -0.00095 9.025e-07
-0.0517 0.00267289 -0.0009 8.1e-07
-0.0524 0.00274576 -0.00025 6.25e-08
-0.0526 0.00276676 -0.00035 1.225e-07
-0.0532 0.00283024 -5e-05 2.5e-09
-0.0535 0.00286225 -0.0013 1.69e-06
-0.055 0.003025 -0.0002 4e-08
-0.0551 0.00303601 -0.0001 1e-08
-0.0552 0.00304704 -0.00015 2.25e-08
-0.0565 0.00319225 -0.00125 1.5625e-06
-0.0566 0.00320356 -0.0012 1.44e-06
-0.0568 0.00322624 -0.0011 1.21e-06
-0.0571 0.00326041 -0.00095 9.025e-07
-0.0575 0.00330625 -0.00055 3.025e-07
-0.0599 0.00358801 -0.003 9e-06
-0.06 0.0036 -0.00305 9.3025e-06
-0.0634 0.00401956 0.0017 2.89e-06
-0.0634 0.00401956 0.00165 2.7225e-06
-0.0645 0.00416025 0.00095 9.025e-07
-0.0645 0.00416025 0.001 1e-06
-0.0647 0.00418609 0.00105 1.1025e-06
-0.0654 0.00427716 0.0006 3.6e-07
-0.0657 0.00431649 0.00085 7.225e-07
-0.0661 0.00436921 0.00065 4.225e-07
-0.0663 0.00439569 0.0011 1.21e-06
-0.0665 0.00442225 0.0013 1.69e-06
-0.0666 0.00443556 0.00125 1.5625e-06
-0.0668 0.00446224 0.00115 1.3225e-06
-0.0674 0.00454276 0.00155 2.4025e-06
-0.0674 0.00454276 0.00145 2.1025e-06
-0.068 0.004624 0.00215 4.6225e-06
-0.0682 0.00465124 0.0026 6.76e-06
-0.0681 0.00463761 0.00265 7.0225e-06
-0.0683 0.00466489 0.00255 6.5025e-06
-0.0685 0.00469225 0.0025 6.25e-06
-0.0687 0.00471969 0.00255 6.5025e-06
-0.0699 0.00488601 0.004 1.6e-05
-0.0704 0.00495616 0.00365 1.33225e-05
-0.0706 0.00498436 0.0033 1.089e-05
-0.0708 0.00501264 0.0034 1.156e-05
-0.0709 0.00502681 0.00345 1.19025e-05
-0.0714 0.00509796 0.00235 5.5225e-06
-0.0722 0.00521284 0.00155 2.4025e-06
-0.0726 0.00527076 0.00185 3.4225e-06
-0.0727 0.00528529 0.0017 2.89e-06
-0.0733 0.00537289 0.0022 4.84e-06
-0.074 0.005476 0.0025 6.25e-06
-0.0751 0.00564001 0.00125 1.5625e-06
-0.0765 0.00585225 0.0041 1.681e-05
-0.0764 0.00583696 0.00415 1.72225e-05
-0.0764 0.00583696 0.0041 1.681e-05
-0.0775 0.00600625 0.0028 7.84e-06
-0.0776 0.00602176 0.0029 8.41e-06
-0.0791 0.00625681 0.0044 1.936e-05
-0.0794 0.00630436 0.0043 1.849e-05
-0.0796 0.00633616 0.00435 1.89225e-05
-0.0815 0.00664225 0.0061 3.721e-05
-0.0823 0.00677329 0.00555 3.08025e-05
-0.0824 0.00678976 0.0055 3.025e-05
-0.0833 0.00693889 0.0049 2.401e-05
-0.0839 0.00703921 0.00435 1.89225e-05
-0.0841 0.00707281 0.0044 1.936e-05
-0.0843 0.00710649 0.0047 2.209e-05
-0.0844 0.00712336 0.0048 2.304e-05
-0.0849 0.00720801 0.00445 1.98025e-05
-0.0854 0.00729316 0.0049 2.401e-05
-0.086 0.007396 0.004 1.6e-05
-0.0866 0.00749956 0.00425 1.80625e-05
-0.0881 0.00776161 0.0055 3.025e-05
-0.0884 0.00781456 0.00515 2.65225e-05
-0.0885 0.00783225 0.00525 2.75625e-05
-0.0894 0.00799236 0.00605 3.66025e-05
-0.0899 0.00808201 0.0057 3.249e-05
-0.0899 0.00808201 0.0056 3.136e-05
-0.0903 0.00815409 0.0059 3.481e-05
-0.0905 0.00819025 0.0061 3.721e-05
-0.0908 0.00824464 0.00585 3.42225e-05
-0.091 0.008281 0.00595 3.54025e-05
-0.0924 0.00853776 0.0047 2.209e-05
-0.0925 0.00855625 0.00465 2.16225e-05
-0.0925 0.00855625 0.0046 2.116e-05
-0.0932 0.00868624 0.005 2.5e-05
-0.0932 0.00868624 0.00505 2.55025e-05
-0.0947 0.00896809 0.00605 3.66025e-05
-0.0949 0.00900601 0.0061 3.721e-05
-0.095 0.009025 0.00615 3.78225e-05
-0.0953 0.00908209 0.0056 3.136e-05
-0.0959 0.00919681 0.00595 3.54025e-05
-0.0964 0.00929296 0.00625 3.90625e-05
-0.0969 0.00938961 0.0066 4.356e-05
-0.0969 0.00938961 0.00665 4.42225e-05
-0.0975 0.00950625 0.0063 3.969e-05
-0.0976 0.00952576 0.0062 3.844e-05
-0.0987 0.00974169 0.00515 2.65225e-05
-0.0997 0.00994009 0.00615 3.78225e-05
-0.1 0.01 0.00625 3.90625e-05
-0.1017 0.0103429 0.00745 5.55025e-05
-0.1026 0.0105268 0.00675 4.55625e-05
-0.1051 0.011046 0.00285 8.1225e-06
-0.1051 0.011046 0.0029 8.41e-06
-0.1057 0.0111725 0.0025 6.25e-06
-0.1059 0.0112148 0.00255 6.5025e-06
-0.1064 0.011321 0.00285 8.1225e-06
-0.1066 0.0113636 0.00255 6.5025e-06
-0.1106 0.0122324 0.0063 3.969e-05
-0.1107 0.0122545 0.00625 3.90625e-05
-0.111 0.012321 0.0064 4.096e-05
-0.111 0.012321 0.00635 4.03225e-05
-0.1113 0.0123877 0.0061 3.721e-05
-0.1118 0.0124992 0.0058 3.364e-05
-0.1125 0.0126563 0.0052 2.704e-05
-0.1127 0.0127013 0.00525 2.75625e-05
-0.1132 0.0128142 0.0056 3.136e-05
-0.114 0.012996 0.00515 2.65225e-05
-0.1144 0.0130874 0.00495 2.45025e-05
-0.1147 0.0131561 0.0054 2.916e-05
-0.1148 0.013179 0.0058 3.364e-05
-0.1153 0.0132941 0.0061 3.721e-05
-0.1169 0.0136656 0.0071 5.041e-05
-0.117 0.013689 0.00705 4.97025e-05
-0.1178 0.0138768 0.00795 6.32025e-05
-0.118 0.013924 0.00785 6.16225e-05
-0.1211 0.0146652 0.0129 0.00016641
-0.1213 0.0147137 0.01285 0.000165123
-0.1216 0.0147866 0.013 0.000169
-0.1221 0.0149084 0.01355 0.000183603
-0.1251 0.01565 0.01155 0.000133403
-0.1267 0.0160529 0.00995 9.90025e-05
-0.1275 0.0162562 0.01045 0.000109202
-0.1275 0.0162562 0.0104 0.00010816
-0.1276 0.0162818 0.01 0.0001
-0.1283 0.0164609 0.0103 0.00010609
-0.1305 0.0170303 0.00625 3.90625e-05
-0.1305 0.0170303 0.00645 4.16025e-05
-0.1306 0.0170564 0.00655 4.29025e-05
-0.1307 0.0170825 0.00635 4.03225e-05
-0.131 0.017161 0.00615 3.78225e-05
-0.1334 0.0177956 0.01135 0.000128822
-0.1356 0.0183874 0.0138 0.00019044
-0.1356 0.0183874 0.01375 0.000189062
-0.1354 0.0183332 0.0135 0.00018225
-0.136 0.018496 0.01305 0.000170303
-0.136 0.018496 0.013 0.000169
-0.1375 0.0189062 0.0141 0.00019881
-0.1376 0.0189338 0.01415 0.000200222
-0.1391 0.0193488 0.01275 0.000162563
-0.1394 0.0194324 0.01225 0.000150062
-0.1394 0.0194324 0.0123 0.00015129
-0.1394 0.0194324 0.0122 0.00014884
-0.1395 0.0194602 0.0123 0.00015129
-0.1403 0.0196841 0.01325 0.000175562
-0.1412 0.0199374 0.0121 0.00014641
-0.1421 0.0201924 0.0113 0.00012769
-0.1422 0.0202208 0.01125 0.000126562
-0.1422 0.0202208 0.0112 0.00012544
-0.143 0.020449 0.0104 0.00010816
-0.1435 0.0205922 0.0109 0.00011881
-0.145 0.021025 0.0139 0.00019321
-0.145 0.021025 0.01395 0.000194602
-0.147 0.021609 0.0106 0.00011236
-0.148 0.021904 0.0111 0.00012321
-0.1486 0.022082 0.0108 0.00011664
-0.1488 0.0221414 0.0104 0.00010816
-0.149 0.022201 0.01045 0.000109202
-0.1508 0.0227406 0.0121 0.00014641
-0.1511 0.0228312 0.01225 0.000150062
-0.1512 0.0228614 0.0122 0.00014884
-0.1524 0.0232258 0.01145 0.000131103
-0.1527 0.0233173 0.0118 0.00013924
-0.1529 0.0233784 0.01175 0.000138063
-0.1549 0.023994 0.01565 0.000244923
-0.1552 0.024087 0.01545 0.000238702
-0.1551 0.024056 0.01535 0.000235623
-0.1554 0.0241492 0.0152 0.00023104
-0.1555 0.0241803 0.0153 0.00023409
-0.1556 0.0242114 0.0155 0.00024025
-0.1601 0.025632 0.00575 3.30625e-05
-0.1602 0.025664 0.0057 3.249e-05
-0.161 0.025921 0.00505 2.55025e-05
-0.1611 0.0259532 0.005 2.5e-05
-0.1614 0.02605 0.0047 2.209e-05
-0.1622 0.0263088 0.004 1.6e-05
-0.1622 0.0263088 0.0041 1.681e-05
-0.1629 0.0265364 0.0046 2.116e-05
-0.1636 0.026765 0.00405 1.64025e-05
-0.1638 0.0268304 0.0041 1.681e-05
-0.1641 0.0269288 0.0036 1.296e-05
-0.1659 0.0275228 0.00225 5.0625e-06
-0.1662 0.0276224 0.00215 4.6225e-06
-0.1663 0.0276557 0.0021 4.41e-06
-0.1664 0.027689 0.00195 3.8025e-06
-0.1685 0.0283923 -0.00095 9.025e-07
-0.1687 0.0284597 -0.00105 1.1025e-06
-0.169 0.028561 -0.00085 7.225e-07
-0.1693 0.0286625 -0.00125 1.5625e-06
-0.1693 0.0286625 -0.0014 1.96e-06
-0.1694 0.0286964 -0.00145 2.1025e-06
-0.1704 0.0290362 -0.00205 4.2025e-06
-0.1709 0.0292068 -0.00165 2.7225e-06
-0.1712 0.0293094 -0.0014 1.96e-06
-0.1712 0.0293094 -0.00135 1.8225e-06
-0.1722 0.0296528 -0.00205 4.2025e-06
-0.1724 0.0297218 -0.0018 3.24e-06
-0.1726 0.0297908 -0.00155 2.4025e-06
-0.173 0.029929 -0.00175 3.0625e-06
-0.173 0.029929 -0.00155 2.4025e-06
-0.1733 0.0300329 -0.00165 2.7225e-06
-0.1737 0.0301717 -0.00125 1.5625e-06
-0.1753 0.0307301 0.0001 1e-08
-0.1786 0.031898 -0.0092 8.464e-05
-0.1791 0.0320768 -0.0088 7.744e-05
-0.1795 0.0322202 -0.00865 7.48225e-05
-0.1802 0.032472 -0.00815 6.64225e-05
-0.1803 0.0325081 -0.0081 6.561e-05
-0.1854 0.0343732 0.00575 3.30625e-05
-0.1859 0.0345588 0.0062 3.844e-05
-0.186 0.034596 0.00615 3.78225e-05
-0.1876 0.0351938 0.01045 0.000109202
-0.1885 0.0355323 0.01155 0.000133403
-0.1893 0.0358345 0.0121 0.00014641
-0.1895 0.0359102 0.0119 0.00014161
-0.1899 0.036062 0.01115 0.000124322
-0.1899 0.036062 0.0111 0.00012321
-0.1906 0.0363284 0.01055 0.000111302
-0.1962 0.0384944 -0.0095 9.025e-05
-0.197 0.038809 -0.009 8.1e-05
-0.197 0.038809 -0.0092 8.464e-05
-0.1995 0.0398003 -0.01865 0.000347823
-0.1999 0.03996 -0.0191 0.00036481
-0.2005 0.0402002 -0.01865 0.000347823
-0.2009 0.0403608 -0.0185 0.00034225
-0.2023 0.0409253 -0.02065 0.000426422
-0.2033 0.0413309 -0.01935 0.000374423
-0.2036 0.041453 -0.0192 0.00036864
-0.2042 0.0416976 -0.0184 0.00033856
-0.2045 0.0418203 -0.01855 0.000344103
-0.2046 0.0418612 -0.0185 0.00034225
-0.2058 0.0423536 -0.02035 0.000414123
-0.2067 0.0427249 -0.01965 0.000386122
-0.2066 0.0426836 -0.0194 0.00037636
-0.2067 0.0427249 -0.0195 0.00038025
-0.2073 0.0429733 -0.01925 0.000370563
-0.2077 0.0431393 -0.0189 0.00035721
-0.2082 0.0433472 -0.01835 0.000336722
-0.2093 0.0438065 -0.0178 0.00031684
-0.21 0.0441 -0.01735 0.000301023
-0.2107 0.0443945 -0.01775 0.000315063
-0.2117 0.0448169 -0.0183 0.00033489
-0.213 0.045369 -0.01615 0.000260823
-0.2134 0.0455396 -0.0165 0.00027225
-0.2139 0.0457532 -0.01625 0.000264062
-0.2143 0.0459245 -0.0167 0.00027889
-0.2144 0.0459674 -0.0166 0.00027556
-0.2149 0.046182 -0.01625 0.000264062
-0.2166 0.0469156 -0.0104 0.00010816
-0.2173 0.0472193 -0.01095 0.000119902
-0.2184 0.0476986 -0.0127 0.00016129
-0.2195 0.0481803 -0.0132 0.00017424
-0.2204 0.0485762 -0.01455 0.000211703
-0.2207 0.0487085 -0.01395 0.000194602
-0.2215 0.0490623 -0.0145 0.00021025
-0.2238 0.0500864 -0.0177 0.00031329
-0.2269 0.0514836 -0.0273 0.00074529
-0.2268 0.0514382 -0.027 0.000729
-0.2291 0.0524868 -0.03305 0.0010923
-0.2296 0.0527162 -0.0328 0.00107584
-0.2299 0.052854 -0.0332 0.00110224
-0.23 0.0529 -0.0331 0.00109561
-0.2325 0.0540563 -0.03025 0.000915062
-0.2327 0.0541493 -0.0302 0.00091204
-0.2378 0.0565488 -0.0161 0.00025921
-0.2381 0.0566916 -0.016 0.000256
-0.2412 0.0581774 -0.01305 0.000170303
-0.2428 0.0589518 -0.01475 0.000217563
-0.2428 0.0589518 -0.0147 0.00021609
-0.243 0.059049 -0.0146 0.00021316
-0.2436 0.059341 -0.01505 0.000226502
-0.2437 0.0593897 -0.015 0.000225
-0.246 0.060516 -0.01325 0.000175562
-0.2482 0.0616032 -0.01615 0.000260823
-0.249 0.062001 -0.0153 0.00023409
-0.2502 0.0626 -0.0139 0.00019321
-0.256 0.065536 0.01235 0.000152522
-0.2562 0.0656384 0.01205 0.000145202
-0.2566 0.0658436 0.01235 0.000152522
-0.2576 0.0663578 0.0114 0.00012996
-0.2579 0.0665124 0.0117 0.00013689
-0.2585 0.0668222 0.01045 0.000109202
-0.2597 0.0674441 0.01165 0.000135722
-0.2599 0.067548 0.0116 0.00013456
-0.26 0.0676 0.0115 0.00013225
-0.2601 0.067652 0.0116 0.00013456
-0.2605 0.0678602 0.0113 0.00012769
-0.2606 0.0679124 0.01145 0.000131103
-0.2608 0.0680166 0.01135 0.000128822
-0.2615 0.0683823 0.0117 0.00013689
-0.2651 0.070278 0.01745 0.000304503
-0.2653 0.0703841 0.0177 0.00031329
-0.2669 0.0712356 0.019 0.000361
-0.267 0.071289 0.01905 0.000362903
-0.2672 0.0713958 0.0192 0.00036864
-0.2684 0.0720386 0.0216 0.00046656
-0.2696 0.0726842 0.0225 0.00050625
-0.2737 0.0749117 0.032 0.001024
-0.2737 0.0749117 0.0321 0.00103041
-0.275 0.075625 0.03295 0.0010857
-0.2749 0.07557 0.03305 0.0010923
-0.2756 0.0759554 0.03385 0.00114582
-0.2781 0.0773396 0.0295 0.00087025
-0.2783 0.0774509 0.02935 0.000861422
-0.2783 0.0774509 0.02925 0.000855562
-0.2816 0.0792986 0.01545 0.000238702
-0.2825 0.0798062 0.0161 0.00025921
-0.284 0.080656 0.0126 0.00015876
-0.2842 0.0807696 0.01255 0.000157502
-0.2845 0.0809403 0.0123 0.00015129
-0.2848 0.081111 0.0128 0.00016384
-0.2849 0.081168 0.01285 0.000165123
-0.2852 0.081339 0.01255 0.000157502
-0.2853 0.0813961 0.0145 0.00021025
-0.2855 0.0815103 0.01445 0.000208802
-0.2855 0.0815103 0.0134 0.00017956
-0.286 0.081796 0.01365 0.000186323
-0.2862 0.0819104 0.013 0.000169
-0.2867 0.0821969 0.01275 0.000162563
-0.2888 0.0834054 0.0148 0.00021904
-0.2966 0.0879716 0.02665 0.000710222
-0.2975 0.0885062 0.0271 0.00073441
-0.2975 0.0885062 0.02715 0.000737122
-0.2985 0.0891022 0.0266 0.00070756
-0.2997 0.0898201 0.02585 0.000668222
-0.3001 0.09006 0.0256 0.00065536
-0.3015 0.0909023 0.02415 0.000583222
-0.3018 0.0910832 0.02425 0.000588063
-0.302 0.091204 0.02415 0.000583222
-0.3028 0.0916878 0.0235 0.00055225
-0.3029 0.0917484 0.0234 0.00054756
-0.3038 0.0922944 0.0239 0.00057121
-0.3043 0.0925985 0.0241 0.00058081
-0.3044 0.0926594 0.02405 0.000578402
-0.3067 0.0940649 0.0202 0.00040804
-0.3071 0.0943104 0.01995 0.000398003
-0.3075 0.0945562 0.01955 0.000382203
-0.308 0.094864 0.02005 0.000402002
-0.3087 0.0952957 0.02055 0.000422303
-0.3094 0.0957284 0.02015 0.000406022
-0.3096 0.0958522 0.0203 0.00041209
-0.3101 0.096162 0.02075 0.000430563
-0.3135 0.0982823 0.02705 0.000731703
-0.3136 0.098345 0.02695 0.000726303
-0.3153 0.0994141 0.02945 0.000867302
-0.3157 0.0996665 0.02965 0.000879123
-0.3163 0.100046 0.0301 0.00090601
-0.3165 0.100172 0.03015 0.000909022
-0.3167 0.100299 0.03005 0.000903003
-0.317 0.100489 0.0304 0.00092416
-0.3172 0.100616 0.0309 0.00095481
-0.3174 0.100743 0.03065 0.000939423
-0.3287 0.108044 -0.0093 8.649e-05
-0.3291 0.108307 -0.0095 9.025e-05
-0.3293 0.108438 -0.00935 8.74225e-05
-0.3297 0.108702 -0.00915 8.37225e-05
-0.3317 0.110025 -0.01075 0.000115562
-0.3319 0.110158 -0.0108 0.00011664
-0.3322 0.110357 -0.01065 0.000113422
-0.3345 0.11189 -0.01415 0.000200222
-0.3347 0.112024 -0.01395 0.000194602
-0.3349 0.112158 -0.01415 0.000200222
-0.3349 0.112158 -0.0141 0.00019881
-0.3355 0.11256 -0.0146 0.00021316
-0.3363 0.113098 -0.0151 0.00022801
-0.3383 0.114447 -0.01975 0.000390063
-0.3385 0.114582 -0.0198 0.00039204
-0.3426 0.117375 -0.0266 0.00070756
-0.343 0.117649 -0.02685 0.000720922
-0.3433 0.117855 -0.027 0.000729
-0.346 0.119716 -0.0297 0.00088209
-0.3462 0.119854 -0.0296 0.00087616
-0.3471 0.120478 -0.03045 0.000927202
-0.3476 0.120826 -0.03075 0.000945563
-0.3474 0.120687 -0.03085 0.000951722
-0.3608 0.130177 0.02795 0.000781203
-0.3613 0.130538 0.02835 0.000803723
-0.3622 0.131189 0.02935 0.000861422
-0.3625 0.131406 0.02975 0.000885062
-0.3639 0.132423 0.0325 0.00105625
-0.3642 0.132642 0.0326 0.00106276
-0.3643 0.132714 0.0322 0.00103684
-0.3777 0.142657 -0.0486 0.00236196
-0.3783 0.143111 -0.04805 0.0023088
-0.3973 0.157847 0.0529 0.00279841
-0.398 0.158404 0.0536 0.00287296
-0.3983 0.158643 0.0538 0.00289444
-0.3986 0.158882 0.0535 0.00286225
-0.4092 0.167445 0.0955 0.00912025
-0.4102 0.168264 0.09855 0.0097121
-0.4107 0.168674 0.09895 0.0097911
-0.4107 0.168674 0.0989 0.00978121
-0.4128 0.170404 0.1012 0.0102414
-0.4131 0.170652 0.10105 0.0102111
-0.4133 0.170817 0.1011 0.0102212
-0.4137 0.171148 0.10125 0.0102516
-0.4152 0.172391 0.10685 0.0114169
-0.434 0.188356 -0.0229 0.00052441
-0.4577 0.209489 0.1398 0.019544
-0.4584 0.210131 0.1412 0.0199374
-0.4586 0.210314 0.141 0.019881
-0.4588 0.210497 0.14115 0.0199233
-0.461 0.212521 0.1389 0.0192932
-0.4612 0.212705 0.13885 0.0192793
-0.4613 0.212798 0.1389 0.0192932
-0.4618 0.213259 0.13915 0.0193627
-0.4624 0.213814 0.1396 0.0194882
-0.49 0.2401 -0.05805 0.0033698
-0.4911 0.241179 -0.0598 0.00357604
-0.4916 0.241671 -0.0596 0.00355216
-0.4918 0.241867 -0.05965 0.00355812
-0.4921 0.242162 -0.05975 0.00357006
-0.4924 0.242458 -0.0599 0.00358801
-0.4922 0.242261 -0.05945 0.0035343
-0.5223 0.272797 0.17895 0.0320231
-0.5223 0.272797 0.179 0.032041
-0.5224 0.272902 0.17895 0.0320231
-0.5226 0.273111 0.1789 0.0320052
-0.5237 0.274262 0.1781 0.0317196
-0.5238 0.274366 0.17795 0.0316662
-0.5247 0.27531 0.1775 0.0315062
-0.5261 0.276781 0.17525 0.0307126
-0.5266 0.277308 0.17505 0.0306425
-0.5266 0.277308 0.1751 0.03066
-0.5263 0.276992 0.17495 0.0306075
-0.5266 0.277308 0.1747 0.0305201
-0.5292 0.280053 0.17115 0.0292923
-0.5295 0.28037 0.1713 0.0293437
-0.582 0.338724 -0.1797 0.0322921
-0.5831 0.340006 -0.18045 0.0325622
-0.6475 0.419256 0.24775 0.0613801
-0.6475 0.419256 0.2478 0.0614048
-0.649 0.421201 0.2449 0.059976
-0.7069 0.499708 -0.25465 0.0648466
-0.707 0.499849 -0.2546 0.0648212
-0.7077 0.500839 -0.25505 0.0650505
-0.7667 0.587829 0.31345 0.0982509
-0.7677 0.589363 0.31685 0.100394
-0.8319 0.692058 -0.3299 0.108834
-0.9111 0.830103 0.4069 0.165568
-0.979 0.958441 -0.41955 0.176022
-1.0464 1.09495 0.4862 0.23639
-1.0471 1.09642 0.48675 0.236926
-1.0472 1.09663 0.4866 0.23678
-1.1321 1.28165 -0.51285 0.263015
-1.1986 1.43664 0.57825 0.334373
-1.2785 1.63456 -0.6222 0.387133
-1.2784 1.63431 -0.62205 0.386946
-1.2787 1.63507 -0.6222 0.387133
-1.279 1.63584 -0.6224 0.387382
-1.364 1.8605 0.6681 0.446358
-1.429 2.04204 -0.7227 0.522295
-1.4946 2.23383 0.74815 0.559728
-1.5849 2.51191 -0.812 0.659344
-1.6507 2.72481 0.83385 0.695306
-1.6978 2.88252 -0.88045 0.775192
-1.7562 3.08424 0.902 0.813604
-1.8001 3.24036 -0.9308 0.866389
-1.7999 3.23964 -0.93075 0.866296
-1.8152 3.29495 0.93795 0.87975
-1.815 3.29422 0.9379 0.879656
-1.836 3.3709 -0.947 0.896809
-1.8289 3.34488 0.94595 0.894821
-1.835 3.36722 -0.9485 0.899652
-1.8463 3.40882 0.95235 0.906971
-1.858 3.45216 -0.95705 0.915945
-1.8447 3.40292 0.9507 0.90383
-1.861 3.46332 -0.95755 0.916902
-1.8523 3.43102 0.9535 0.909162
-1.8516 3.42842 -0.9549 0.911834
-1.8434 3.39812 0.9516 0.905543
-1.8509 3.42583 -0.95415 0.910402
-1.8465 3.40956 0.95355 0.909258
-1.8474 3.41289 -0.9535 0.909162
-1.8561 3.44511 0.9564 0.914701
-1.851 3.4262 -0.95315 0.908495
-1.8475 3.41326 0.9527 0.907637
-1.8521 3.43027 -0.9545 0.91107
-1.8578 3.45142 0.9555 0.91298
-1.847 3.41141 -0.9526 0.907447
-1.8656 3.48046 0.95855 0.918818
-1.8479 3.41473 -0.94925 0.901076
-1.8572 3.44919 0.9561 0.914127
-1.8515 3.42805 -0.9541 0.910307
-1.8534 3.43509 0.95755 0.916902
-1.8631 3.47114 -0.95855 0.918818
-1.8432 3.39739 0.95085 0.904116
-1.8556 3.44325 -0.9548 0.911643
-1.8605 3.46146 0.95555 0.913076
-1.8627 3.46965 -0.957 0.915849
-1.8625 3.46891 -0.95695 0.915753
-1.8468 3.41067 0.9529 0.908018
-1.8496 3.42102 -0.95365 0.909448
-1.8454 3.4055 0.95195 0.906209
-1.8499 3.42213 -0.9535 0.909162
-1.8441 3.4007 0.9531 0.9084
-1.8496 3.42102 -0.95205 0.906399
-1.8557 3.44362 0.95595 0.91384
-1.8523 3.43102 -0.9548 0.911643
-1.8578 3.45142 0.95735 0.916519
-1.8396 3.38413 -0.9496 0.90174
-1.8413 3.39039 0.95015 0.902785
-1.8521 3.43027 -0.95485 0.911739
-1.8479 3.41473 0.953 0.908209
-1.8401 3.38597 -0.95065 0.903735
-1.8528 3.43287 0.95475 0.911548
-1.8517 3.42879 -0.95505 0.912121
-1.8503 3.42361 0.95345 0.909067
-1.8561 3.44511 -0.95585 0.913649
-1.8565 3.44659 0.95565 0.913267
-1.8489 3.41843 -0.9541 0.910307
-1.8501 3.42287 0.9535 0.909162
-1.8497 3.42139 -0.9535 0.909162
-1.8363 3.372 0.9466 0.896052
-1.8643 3.47561 -0.9596 0.920832
-1.8548 3.44028 0.95605 0.914032
-1.8545 3.43917 -0.95375 0.909639
-1.8577 3.45105 0.9553 0.912598
-1.8606 3.46183 -0.95545 0.912885
-1.8608 3.46258 -0.9555 0.91298
-1.8564 3.44622 0.95515 0.912312
-1.8577 3.45105 -0.95505 0.912121
-1.8514 3.42768 0.9544 0.910879
-1.85 3.4225 -0.95275 0.907733
-1.8545 3.43917 0.9561 0.914127
-1.8559 3.44436 -0.9558 0.913554
-1.863 3.47077 0.95835 0.918435
-1.8563 3.44585 -0.9565 0.914892
-1.8566 3.44696 0.95515 0.912312
-1.8488 3.41806 -0.9541 0.910307
-1.854 3.43732 0.9555 0.91298
-1.8468 3.41067 -0.95155 0.905447
-1.8431 3.39702 0.95145 0.905257
-1.8554 3.44251 -0.9563 0.91451
-1.8586 3.45439 0.95735 0.916519
-1.8518 3.42916 -0.95495 0.91193
-1.8564 3.44622 0.956 0.913936
-1.8436 3.39886 -0.95245 0.907161
-1.8575 3.45031 0.95535 0.912694
-1.8535 3.43546 -0.9531 0.9084
-1.8486 3.41732 0.95185 0.906018
-1.8534 3.43509 -0.9538 0.909734
-1.8531 3.43398 0.95275 0.907733
-1.8341 3.36392 -0.9482 0.899083
-1.8518 3.42916 0.95505 0.912121
-1.8515 3.42805 0.95495 0.91193
-1.858 3.45216 -0.9563 0.91451
-1.8495 3.42065 0.9538 0.909734
-1.8533 3.43472 -0.95585 0.913649
-1.8522 3.43064 0.9537 0.909544
-1.8456 3.40624 -0.95125 0.904877
-1.8535 3.43546 0.9542 0.910498
-1.8505 3.42435 -0.9523 0.906875
-1.8546 3.43954 0.95455 0.911166
-1.8443 3.40144 -0.9503 0.90307
-1.8468 3.41067 0.9523 0.906875
-1.8512 3.42694 -0.9534 0.908972
-1.8374 3.37604 0.95 0.9025
-1.8464 3.40919 -0.9518 0.905923
-1.8461 3.40809 0.951 0.904401
-1.8451 3.40439 -0.9524 0.907066
-1.8542 3.43806 0.9558 0.913554
-1.8525 3.43176 -0.9541 0.910307
-1.8501 3.42287 0.95465 0.911357
-1.8573 3.44956 -0.95715 0.916136
-1.8482 3.41584 0.9523 0.906875
-1.8441 3.4007 -0.9512 0.904781
-1.8446 3.40255 -0.9514 0.905162
-1.8384 3.37971 0.9498 0.90212
-1.8503 3.42361 -0.95305 0.908304
-1.8502 3.42324 -0.953 0.908209
-1.8569 3.44808 0.9563 0.91451
-1.8601 3.45997 -0.9571 0.91604
-1.8565 3.44659 0.95615 0.914223
-1.8508 3.42546 -0.9528 0.907828
-1.8471 3.41178 0.95255 0.907352
-1.8579 3.45179 -0.95645 0.914797
-1.8546 3.43954 0.9554 0.912789
-1.8523 3.43102 -0.95305 0.908304
-1.8538 3.43657 0.95485 0.911739
-1.8535 3.43546 0.95475 0.911548
-1.8626 3.46928 -0.9589 0.919489
-1.8525 3.43176 0.95355 0.909258
-1.8506 3.42472 -0.95485 0.911739
-1.8507 3.42509 -0.9549 0.911834
-1.8484 3.41658 0.9531 0.9084
-1.8473 3.41252 -0.95225 0.90678
-1.8471 3.41178 -0.9522 0.906685
-1.8539 3.43695 0.95495 0.91193
-1.8478 3.41436 -0.9512 0.904781
-1.8443 3.40144 0.9533 0.908781
-1.8564 3.44622 -0.9557 0.913362
-1.8576 3.45068 0.9572 0.916232
-1.8465 3.40956 -0.9518 0.905923
-1.8464 3.40919 0.9527 0.907637
-1.8466 3.40993 0.95275 0.907733
-1.8445 3.40218 -0.95145 0.905257
-1.8489 3.41843 0.95325 0.908686
-1.8532 3.43435 -0.9544 0.910879
-1.8434 3.39812 0.95155 0.905447
-1.8523 3.43102 -0.95385 0.90983
-1.8499 3.42213 0.9537 0.909544
-1.842 3.39296 -0.95005 0.902595
-1.8458 3.40698 0.95225 0.90678
-1.8517 3.42879 -0.9545 0.91107
-1.8445 3.40218 0.9517 0.905733
-1.85 3.4225 -0.95275 0.907733
-1.8449 3.40366 0.95015 0.902785
-1.8594 3.45737 -0.9571 0.91604
-1.8571 3.44882 0.95665 0.915179
-1.8532 3.43435 -0.95205 0.906399
-1.8444 3.40181 0.95025 0.902975
-1.8456 3.40624 -0.9519 0.906114
-1.8458 3.40698 -0.95195 0.906209
-1.8524 3.43139 0.9553 0.912598
-1.8515 3.42805 -0.95575 0.913458
-1.8512 3.42694 0.95315 0.908495
-1.8383 3.37935 -0.95035 0.903165
-1.8509 3.42583 0.9533 0.908781
-1.8625 3.46891 -0.9593 0.920256
-1.8519 3.42953 0.9549 0.911834
-1.8537 3.4362 -0.95475 0.911548
-1.8393 3.38302 0.9502 0.90288
-1.8396 3.38413 0.9503 0.90307
-1.8597 3.45848 -0.9576 0.916998
-1.8504 3.42398 0.95355 0.909258
-1.8419 3.3926 -0.95035 0.903165
-1.8499 3.42213 0.9544 0.910879
-1.8503 3.42361 0.9546 0.911261
-1.8501 3.42287 0.95455 0.911166
-1.8611 3.46369 -0.9581 0.917956
-1.8615 3.46518 -0.95825 0.918243
-1.8474 3.41289 0.95395 0.910021
-1.8507 3.42509 -0.9538 0.909734
-1.8456 3.40624 0.95165 0.905638
-1.8544 3.4388 -0.9566 0.915084
-1.8589 3.45551 0.9581 0.917956
-1.8579 3.45179 -0.956 0.913936
-1.8441 3.4007 0.9525 0.907256
-1.8439 3.39997 0.95245 0.907161
-1.8468 3.41067 -0.95135 0.905067
-1.8507 3.42509 0.9537 0.909544
-1.86 3.4596 -0.95815 0.918051
-1.8468 3.41067 0.95175 0.905828
-1.8517 3.42879 -0.9537 0.909544
-1.8476 3.41363 0.95425 0.910593
-1.8487 3.41769 -0.951 0.904401
-1.8477 3.414 0.9521 0.906494
-1.848 3.4151 0.9522 0.906685
-1.8482 3.41584 0.95225 0.90678
-1.8568 3.44771 -0.95635 0.914605
-1.8503 3.42361 0.9527 0.907637
-1.8575 3.45031 -0.9544 0.910879
-1.8541 3.43769 0.9558 0.913554
-1.8507 3.42509 -0.95425 0.910593
-1.8495 3.42065 0.953 0.908209
-1.8506 3.42472 -0.95315 0.908495
-1.8562 3.44548 0.95575 0.913458
-1.8462 3.40845 -0.9519 0.906114
-1.8491 3.41917 0.95405 0.910211
-1.8592 3.45662 -0.95575 0.913458
-1.8544 3.4388 0.95525 0.912503
-1.8392 3.38266 -0.9497 0.90193
-1.8458 3.40698 0.95005 0.902595
-1.8397 3.3845 -0.95175 0.905828
-1.8472 3.41215 0.95225 0.90678
-1.8501 3.42287 -0.9531 0.9084
-1.8474 3.41289 0.9543 0.910688
-1.8494 3.42028 -0.9538 0.909734
-1.8492 3.41954 -0.95375 0.909639
-1.8533 3.43472 0.95515 0.912312
-1.8451 3.40439 -0.95195 0.906209
-1.8634 3.47226 0.9594 0.920448
-1.8466 3.40993 -0.953 0.908209
-1.8468 3.41067 -0.95305 0.908304
-1.8539 3.43695 0.9559 0.913745
-1.8471 3.41178 -0.9517 0.905733
-1.8475 3.41326 -0.95185 0.906018
-1.8473 3.41252 -0.9518 0.905923
-1.8398 3.38486 0.9506 0.90364
-1.8466 3.40993 -0.9524 0.907066
-1.8444 3.40181 0.9522 0.906685
-1.8547 3.43991 -0.9569 0.915658
-1.8498 3.42176 0.9546 0.911261
-1.8476 3.41363 -0.95305 0.908304
-1.8488 3.41806 0.9527 0.907637
-1.8456 3.40624 -0.9519 0.906114
-1.8566 3.44696 0.9556 0.913171
-1.8567 3.44733 -0.9561 0.914127
-1.8566 3.44696 -0.95605 0.914032
-1.8545 3.43917 0.95675 0.915371
-1.8623 3.46816 -0.9588 0.919297
-1.8454 3.4055 0.9542 0.910498
-1.8473 3.41252 -0.9522 0.906685
-1.8398 3.38486 0.95115 0.904686
-1.8575 3.45031 -0.95665 0.915179
-1.8494 3.42028 0.95175 0.905828
-1.8496 3.42102 0.9518 0.905923
-1.8571 3.44882 -0.95705 0.915945
-1.8579 3.45179 0.9576 0.916998
-1.8549 3.44065 -0.95455 0.911166
-1.8446 3.40255 0.95155 0.905447
-1.8448 3.40329 0.9516 0.905543
-1.8504 3.42398 -0.951 0.904401
-1.8526 3.43213 0.9544 0.910879
-1.8577 3.45105 -0.95725 0.916328
-1.8573 3.44956 0.95785 0.917477
-1.8497 3.42139 -0.95475 0.911548
-1.8469 3.41104 0.9523 0.906875
-1.8484 3.41658 -0.95425 0.910593
-1.8573 3.44956 0.9559 0.913745
-1.8479 3.41473 -0.9523 0.906875
-1.8433 3.39775 0.9509 0.904211
-1.8435 3.39849 0.95095 0.904306
-1.8555 3.44288 -0.95395 0.910021
-1.8527 3.4325 0.95555 0.913076
-1.8545 3.43917 -0.95435 0.910784
-1.8498 3.42176 0.953 0.908209
-1.8448 3.40329 -0.953 0.908209
-1.8495 3.42065 0.95375 0.909639
-1.8433 3.39775 -0.9501 0.90269
-1.8456 3.40624 0.95095 0.904306
-1.8507 3.42509 -0.9533 0.908781
-1.8596 3.45811 0.95715 0.916136
-1.8427 3.39554 -0.9521 0.906494
-1.8527 3.4325 0.95375 0.909639
-1.8453 3.40513 -0.95225 0.90678
-1.8517 3.42879 0.954 0.910116
-1.855 3.44102 -0.95645 0.914797
-1.8441 3.4007 0.9505 0.90345
-1.8503 3.42361 -0.953 0.908209
-1.8469 3.41104 0.9535 0.909162
-1.8506 3.42472 -0.95365 0.909448
-1.8547 3.43991 0.95345 0.909067
-1.8538 3.43657 -0.9558 0.913554
-1.8448 3.40329 0.94985 0.902215
-1.8582 3.45291 -0.956 0.913936
-1.8578 3.45142 0.956 0.913936
-1.858 3.45216 0.95605 0.914032
-1.8593 3.457 -0.9572 0.916232
-1.8447 3.40292 0.9521 0.906494
-1.8587 3.45477 -0.95605 0.914032
-1.8486 3.41732 0.9508 0.904021
-1.8482 3.41584 -0.9523 0.906875
-1.8453 3.40513 0.9528 0.907828
-1.8585 3.45402 -0.95665 0.915179
-1.8588 3.45514 0.9568 0.915466
-1.8567 3.44733 -0.95565 0.913267
-1.8591 3.45625 0.95655 0.914988
-1.8569 3.44808 -0.9561 0.914127
-1.8537 3.4362 0.9541 0.910307
-1.8493 3.41991 -0.95435 0.910784
-1.8565 3.44659 0.9556 0.913171
-1.8551 3.4414 -0.956 0.913936
-1.8543 3.43843 0.9558 0.913554
-1.8514 3.42768 -0.953 0.908209
-1.8528 3.43287 0.9549 0.911834
-1.8503 3.42361 -0.95385 0.90983
-1.853 3.43361 0.95395 0.910021
-1.8536 3.43583 -0.9558 0.913554
-1.8549 3.44065 0.95595 0.91384
-1.8445 3.40218 -0.94965 0.901835
-1.8569 3.44808 0.9573 0.916423
-1.8514 3.42768 -0.9553 0.912598
-1.8453 3.40513 0.95185 0.906018
-1.8443 3.40144 -0.9512 0.904781
-1.8555 3.44288 0.9543 0.910688
-1.8429 3.39628 -0.9515 0.905352
-1.8365 3.37273 0.9502 0.90288
-1.8583 3.45328 -0.9579 0.917572
-1.8514 3.42768 0.9546 0.911261
-1.8627 3.46965 -0.9577 0.917189
-1.8536 3.43583 0.95465 0.911357
-1.8414 3.39075 -0.95145 0.905257
-1.8416 3.39149 0.9522 0.906685
-1.8457 3.40661 -0.9521 0.906494
-1.8512 3.42694 0.9529 0.908018
-1.8429 3.39628 -0.95055 0.903545
-1.8557 3.44362 0.95575 0.913458
-1.8555 3.44288 0.9557 0.913362
-1.8543 3.43843 -0.9548 0.911643
-1.8577 3.45105 0.95575 0.913458
-1.8574 3.44993 0.95565 0.913267
-1.8459 3.40735 -0.95215 0.90659
-1.8544 3.4388 0.9552 0.912407
-1.8567 3.44733 -0.95505 0.912121
-1.8537 3.4362 0.9548 0.911643
-1.8416 3.39149 -0.9514 0.905162
-1.8514 3.42768 0.95555 0.913076
-1.8528 3.43287 -0.95455 0.911166
-1.8465 3.40956 0.9541 0.910307
-1.8473 3.41252 -0.95295 0.908114
-1.8534 3.43509 0.95465 0.911357
-1.8607 3.4622 -0.9573 0.916423
-1.8452 3.40476 0.9512 0.904781
-1.8591 3.45625 -0.9563 0.91451
-1.8617 3.46593 0.95715 0.916136
-1.859 3.45588 -0.95705 0.915945
-1.8591 3.45625 -0.9571 0.91604
-1.8541 3.43769 0.9538 0.909734
-1.848 3.4151 -0.95295 0.908114
-1.8539 3.43695 0.95595 0.91384
-1.8488 3.41806 -0.954 0.910116
-1.8579 3.45179 0.95765 0.917094
-1.8522 3.43064 -0.95415 0.910402
-1.848 3.4151 0.9532 0.90859
-1.8564 3.44622 -0.95585 0.913649
-1.854 3.43732 0.95455 0.911166
-1.8627 3.46965 -0.958 0.917764
-1.8489 3.41843 0.9534 0.908972
-1.8523 3.43102 -0.95475 0.911548
-1.8525 3.43176 0.95415 0.910402
-1.8542 3.43806 -0.9547 0.911452
-1.849 3.4188 0.95455 0.911166
-1.8525 3.43176 -0.95405 0.910211
-1.8544 3.4388 0.95575 0.913458
-1.8564 3.44622 -0.9566 0.915084
-1.8591 3.45625 0.9576 0.916998
-1.8519 3.42953 -0.95475 0.911548
-1.8443 3.40144 0.95095 0.904306
-1.8346 3.36576 -0.9481 0.898894
-1.8461 3.40809 0.952 0.906304
-1.8498 3.42176 -0.955 0.912025
-1.8593 3.457 0.95705 0.915945
-1.8493 3.41991 -0.9547 0.911452
-1.8553 3.44214 0.95625 0.914414
-1.8427 3.39554 -0.9522 0.906685
-1.8459 3.40735 0.9516 0.905543
-1.8494 3.42028 -0.9542 0.910498
-1.848 3.4151 0.95455 0.911166
-1.8483 3.41621 -0.9535 0.909162
-1.8573 3.44956 0.95645 0.914797
-1.8492 3.41954 -0.9527 0.907637
-1.8498 3.42176 0.95405 0.910211
-1.8588 3.45514 -0.9571 0.91604
-1.8465 3.40956 0.95245 0.907161
-1.8506 3.42472 -0.95605 0.914032
-1.8605 3.46146 0.9583 0.918339
-1.8571 3.44882 -0.95685 0.915562
-1.8522 3.43064 0.95385 0.90983
-1.8595 3.45774 -0.9574 0.916615
-1.8486 3.41732 0.95305 0.908304
-1.86 3.4596 -0.95765 0.917094
-1.8379 3.37788 0.94825 0.899178
-1.8357 3.36979 -0.94715 0.897093
-1.843 3.39665 0.9503 0.90307
-1.8374 3.37604 -0.9494 0.90136
-1.8396 3.38413 0.94885 0.900316
-1.8395 3.38376 0.9488 0.900221
-1.8442 3.40107 -0.9518 0.905923
-1.8462 3.40845 0.95155 0.905447
-1.8524 3.43139 -0.9552 0.912407
-1.866 3.48196 0.9596 0.920832
-1.8499 3.42213 -0.95315 0.908495
-1.8502 3.42324 0.95405 0.910211
-1.8455 3.40587 -0.95065 0.903735
-1.849 3.4188 0.9538 0.909734
-1.8514 3.42768 -0.95355 0.909258
-1.8515 3.42805 -0.9536 0.909353
-1.8496 3.42102 0.9538 0.909734
-1.8483 3.41621 -0.9535 0.909162
-1.8518 3.42916 0.95395 0.910021
-1.8555 3.44288 -0.9553 0.912598
-1.8479 3.41473 0.95395 0.910021
-1.8435 3.39849 -0.9502 0.90288
-1.8453 3.40513 0.95155 0.905447
-1.8457 3.40661 -0.9527 0.907637
-1.8541 3.43769 0.9556 0.913171
-1.8425 3.39481 -0.9522 0.906685
-1.835 3.36722 0.9495 0.90155
-1.8405 3.38744 -0.9486 0.899842
-1.8431 3.39702 0.95165 0.905638
-1.847 3.41141 -0.95135 0.905067
-1.8506 3.42472 0.95365 0.909448
-1.8481 3.41547 -0.95275 0.907733
-1.8469 3.41104 0.9531 0.9084
-1.8471 3.41178 0.9532 0.90859
-1.8559 3.44436 -0.95635 0.914605
-1.8511 3.42657 0.95245 0.907161
-1.8518 3.42916 -0.95405 0.910211
-1.8433 3.39775 0.9519 0.906114
-1.8441 3.4007 -0.9511 0.904591
-1.8557 3.44362 0.9563 0.91451
-1.8523 3.43102 -0.95415 0.910402
-1.8526 3.43213 0.9554 0.912789
-1.8509 3.42583 -0.95265 0.907542
-1.8486 3.41732 0.9531 0.9084
-1.8497 3.42139 -0.95435 0.910784
-1.8426 3.39517 0.95165 0.905638
-1.8564 3.44622 -0.9548 0.911643
-1.8458 3.40698 0.952 0.906304
-1.8554 3.44251 -0.95415 0.910402
-1.8445 3.40218 0.9508 0.904021
-1.8408 3.38854 -0.9514 0.905162
-1.8469 3.41104 0.953 0.908209
-1.8496 3.42102 -0.9523 0.906875
-1.8438 3.3996 0.9513 0.904972
-1.8501 3.42287 -0.95365 0.909448
-1.8468 3.41067 0.9529 0.908018
-1.8528 3.43287 -0.95435 0.910784
-1.8522 3.43064 0.95415 0.910402
-1.8474 3.41289 -0.95285 0.907923
-1.8509 3.42583 0.9535 0.909162
-1.8495 3.42065 -0.95355 0.909258
-1.8328 3.35916 0.94795 0.898609
-1.8411 3.38965 -0.95055 0.903545
-1.842 3.39296 0.95215 0.90659
-1.8529 3.43324 -0.9533 0.908781
-1.8483 3.41621 0.95225 0.90678
-1.8463 3.40882 -0.9518 0.905923
-1.8568 3.44771 0.9546 0.911261
-1.8474 3.41289 -0.95265 0.907542
