-0.0192139 0.000369233 0.0161499 0.000260891 6.81396e-08
-0.0194824 0.000379646 0.0160034 0.000256164 6.56764e-08
-0.0199463 0.000397927 0.015564 0.000242265 5.87188e-08
-0.0200439 0.000401813 0.0148437 0.000220379 4.86045e-08
-0.0202148 0.000408733 0.0150146 0.000225449 5.08351e-08
-0.020874 0.000435823 0.0154175 0.000237717 5.65264e-08
-0.0202148 0.000408709 0.015332 0.000235102 5.53013e-08
-0.0203369 0.000413662 0.015564 0.000242259 5.87103e-08
-0.0180664 0.000326824 0.0155273 0.000241122 5.81621e-08
-0.0176514 0.000311702 0.015625 0.000244153 5.96222e-08
-0.0183105 0.000335419 0.0155518 0.000241879 5.85259e-08
-0.0194092 0.00037691 0.0161011 0.000259365 6.73942e-08
-0.019751 0.00039013 0.0166626 0.000277652 7.71013e-08
-0.0197021 0.000388187 0.0159912 0.000255808 6.55293e-08
-0.0194336 0.000377834 0.0154419 0.000238486 5.69074e-08
-0.0188477 0.000355411 0.0149536 0.000223662 5.0071e-08
-0.0188965 0.000357187 0.0145874 0.000212814 4.5308e-08
-0.01875 0.000351608 0.01427 0.000203706 4.15552e-08
-0.0188721 0.000356323 0.0137695 0.000189608 3.59577e-08
-0.0195312 0.000381553 0.0144287 0.000208265 4.34374e-08
-0.0195312 0.000381517 0.0150269 0.00022582 5.10065e-08
-0.0196533 0.000386316 0.0149414 0.000223273 4.98753e-08
-0.0201416 0.000405711 0.0151489 0.000229503 5.26839e-08
-0.0208008 0.000432789 0.0150513 0.000226553 5.13371e-08
-0.0198242 0.000393033 0.0152954 0.000234027 5.48404e-08
-0.0202148 0.000408721 0.0156006 0.000243396 5.92583e-08
-0.0205566 0.000422609 0.0150513 0.000226565 5.13532e-08
-0.0214355 0.000459719 0.0151733 0.000230272 5.30634e-08
-0.0220215 0.000485027 0.0151001 0.000228073 5.20712e-08
-0.0213867 0.000457418 0.0150513 0.000226553 5.13371e-08
-0.0216064 0.000466865 0.0152344 0.000232106 5.38923e-08
-0.0213867 0.000457466 0.0152466 0.000232489 5.40803e-08
-0.0222168 0.000493813 0.0153931 0.000237001 5.62213e-08
-0.022583 0.000510246 0.0144043 0.000207528 4.31052e-08
-0.0225586 0.000509 0.0144897 0.000209977 4.41104e-08
-0.0230713 0.000532466 0.0140869 0.000198463 3.94044e-08
-0.0241455 0.000583059 0.0138306 0.000191297 3.66037e-08
-0.0246094 0.000605738 0.013855 0.000191982 3.68736e-08
-0.0249023 0.000620186 0.0138062 0.000190629 3.63541e-08
-0.024585 0.000604433 0.0136719 0.000186932 3.49526e-08
-0.0246338 0.000606853 0.0133667 0.000178684 3.19393e-08
-0.024707 0.000610495 0.0128662 0.000165573 2.74368e-08
-0.0254639 0.000648493 0.0134033 0.000179812 3.24509e-08
-0.0256836 0.00065968 0.0139038 0.000193329 3.73864e-08
-0.0252686 0.000638813 0.0136597 0.000186594 3.48227e-08
-0.0247559 0.000612962 0.013916 0.000193664 3.75128e-08
-0.0261475 0.000683779 0.0137695 0.000189641 3.59949e-08
-0.0266113 0.000708318 0.0147461 0.000217578 4.7453e-08
-0.0272461 0.000742412 0.014917 0.00022254 4.95447e-08
-0.027124 0.000735778 0.0141602 0.000200599 4.03122e-08
-0.0273682 0.000749105 0.0137695 0.00018962 3.5971e-08
-0.0278564 0.000776082 0.0137573 0.000189276 3.58345e-08
-0.0270752 0.000733179 0.0137207 0.000188306 3.54952e-08
-0.0266846 0.000712103 0.0127197 0.000161865 2.6248e-08
-0.0263428 0.000694078 0.0120483 0.000145175 2.10826e-08
-0.0264404 0.000699145 0.0116943 0.000136837 1.87678e-08
-0.0250732 0.000628763 0.0113159 0.000128068 1.64107e-08
-0.0251221 0.000631136 0.0117554 0.000138201 1.91062e-08
-0.0260498 0.000678676 0.0116699 0.000136209 1.85645e-08
-0.0250977 0.000630021 0.0115601 0.000133647 1.7868e-08
-0.0249512 0.000622642 0.0113647 0.000129189 1.67057e-08
-0.024707 0.000610471 0.0122803 0.000150883 2.28123e-08
-0.0245605 0.000603294 0.0124634 0.000155349 2.41416e-08
-0.0250244 0.000626284 0.0123779 0.000153258 2.35159e-08
-0.0251709 0.000633651 0.0118652 0.000140813 1.98449e-08
-0.0252197 0.000636178 0.0117798 0.000138773 1.92633e-08
-0.0254639 0.000648528 0.0112915 0.000127514 1.62677e-08
-0.0256592 0.000658458 0.0107788 0.000116201 1.3511e-08
-0.0252441 0.000637376 0.0104492 0.000109208 1.19357e-08
-0.0260254 0.000677514 0.0108643 0.000118095 1.3976e-08
-0.0263428 0.000693983 0.0112427 0.000126435 1.60043e-08
-0.0259766 0.00067488 0.0113892 0.000129719 1.68302e-08
-0.0269043 0.000724423 0.0113159 0.000128074 1.64153e-08
-0.0274658 0.000754446 0.0111938 0.000125314 1.57097e-08
-0.0266602 0.000710845 0.0114136 0.000130279 1.69778e-08
-0.027002 0.000729203 0.0116577 0.000135924 1.8487e-08
-0.0267822 0.000717503 0.0114868 0.000131966 1.74252e-08
-0.0265381 0.000704354 0.0113403 0.00012861 1.65444e-08
-0.0271484 0.000737071 0.0106323 0.000113119 1.28292e-08
-0.02771 0.000767893 0.0101807 0.000103676 1.07614e-08
-0.0281006 0.000789732 0.00994873 9.90227e-05 9.82357e-09
-0.028833 0.000831419 0.0101685 0.000103445 1.07206e-08
-0.0283691 0.000804877 0.010437 0.000108947 1.18762e-08
-0.0276855 0.000766551 0.00963135 9.29192e-05 8.69215e-09
-0.0273682 0.000749069 0.00928955 8.63329e-05 7.46601e-09
-0.0279541 0.000781482 0.00870361 7.57709e-05 5.74664e-09
-0.0275146 0.00075714 0.00842285 7.09891e-05 5.05193e-09
-0.0279297 0.000780118 0.00810547 6.57439e-05 4.33401e-09
-0.0285645 0.000816 0.00828857 6.87614e-05 4.74463e-09
-0.0286621 0.00082165 0.00861816 7.42942e-05 5.52605e-09
-0.0286865 0.000823015 0.0085083 7.24152e-05 5.25094e-09
-0.0282227 0.000796556 0.00865479 7.49245e-05 5.61946e-09
-0.028418 0.000807786 0.00871582 7.59989e-05 5.78602e-09
-0.0284912 0.000811988 0.00932617 8.699e-05 7.57161e-09
-0.0273682 0.000749081 0.00959473 9.20832e-05 8.48822e-09
-0.0288574 0.000833309 0.010437 0.000109054 1.19464e-08
-0.0304932 0.000930041 0.0110474 0.00012206 1.49063e-08
-0.0313477 0.000982773 0.0108887 0.000118572 1.40632e-08
-0.0308594 0.000952423 0.0113647 0.00012918 1.66988e-08
-0.0304932 0.000929934 0.0116821 0.000136514 1.86592e-08
-0.0304199 0.000925434 0.0117065 0.00013708 1.88112e-08
-0.0283936 0.000806588 0.0124268 0.000154451 2.38711e-08
-0.0278564 0.000776023 0.0121948 0.000148751 2.21488e-08
-0.028125 0.000791061 0.0119385 0.000142545 2.03288e-08
-0.0290527 0.000844276 0.0123657 0.000152977 2.3442e-08
-0.0296875 0.000881374 0.012561 0.000157817 2.49294e-08
-0.0298828 0.000893056 0.0121826 0.000148469 2.20752e-08
-0.0292969 0.00085839 0.0117065 0.000137056 1.87917e-08
-0.0284668 0.000810385 0.0121338 0.000147319 2.17558e-08
-0.029248 0.000855529 0.0124756 0.000155699 2.42795e-08
-0.0294678 0.000868362 0.0131348 0.000172547 2.9789e-08
-0.0294434 0.000867033 0.0126343 0.000159635 2.54894e-08
-0.0289795 0.000839835 0.0131348 0.000172564 2.98079e-08
-0.0288818 0.000834221 0.0131104 0.000171897 2.95592e-08
-0.0290771 0.000845546 0.0134399 0.000180651 3.26487e-08
-0.0288818 0.000834292 0.0132446 0.000175436 3.07887e-08
-0.0299561 0.000897449 0.012854 0.000165285 2.73591e-08
-0.0296143 0.0008771 0.0125488 0.000157505 2.48281e-08
-0.0294189 0.000865585 0.0123047 0.000151455 2.29692e-08
-0.0304443 0.000926918 0.0120728 0.000145818 2.13019e-08
-0.0312256 0.000975114 0.0116089 0.000134785 1.81775e-08
-0.0304687 0.000928581 0.0121948 0.000148751 2.21487e-08
-0.0295898 0.000875664 0.0121704 0.000148161 2.19759e-08
-0.0292725 0.000856918 0.012085 0.000146085 2.13633e-08
-0.0290283 0.00084272 0.0124756 0.000155702 2.42817e-08
-0.029126 0.000848371 0.0124512 0.00015505 2.40515e-08
-0.0300781 0.000904727 0.0125366 0.000157179 2.47128e-08
-0.0300293 0.000901783 0.0124878 0.000155957 2.43301e-08
-0.0302979 0.000917977 0.0120605 0.000145531 2.12224e-08
-0.0314941 0.000992084 0.0120239 0.000144611 2.09333e-08
-0.0313721 0.000984341 0.0123535 0.000152659 2.33354e-08
-0.0316895 0.00100437 0.0130981 0.000171603 2.94761e-08
-0.0311768 0.000972015 0.0133789 0.000179061 3.21106e-08
-0.0313721 0.000984365 0.0127808 0.000163372 2.67061e-08
-0.031543 0.000995207 0.0131958 0.000174184 3.03783e-08
-0.0331543 0.00109931 0.0129883 0.000168702 2.84648e-08
-0.0327148 0.00107056 0.0130005 0.000169022 2.85751e-08
-0.0320068 0.00102449 0.0125854 0.000158425 2.51183e-08
-0.0333252 0.00111126 0.012561 0.000157811 2.49237e-08
-0.0348145 0.00121214 0.0124512 0.000155059 2.40599e-08
-0.03396 0.00115331 0.0126099 0.000159027 2.53009e-08
-0.0339355 0.00115165 0.0122803 0.000150818 2.27535e-08
-0.0334961 0.00112205 0.0120117 0.000144354 2.08798e-08
-0.0322754 0.00104178 0.0114258 0.000130588 1.70741e-08
-0.0326172 0.00106401 0.0121338 0.00014725 2.16952e-08
-0.0325928 0.00106235 0.0119751 0.000143416 2.05759e-08
-0.0329834 0.00108793 0.0120117 0.000144318 2.08486e-08
-0.0329834 0.00108795 0.0123901 0.000153638 2.36803e-08
-0.0330078 0.00108968 0.0130981 0.000171567 2.94396e-08
-0.0343262 0.00117841 0.0132935 0.000176735 3.1249e-08
-0.0354736 0.00125858 0.0129517 0.000167771 2.81639e-08
-0.0350586 0.00122917 0.0130249 0.000169672 2.88049e-08
-0.0344482 0.00118672 0.0129883 0.000168735 2.84979e-08
-0.035083 0.0012309 0.0127808 0.00016336 2.66943e-08
-0.035376 0.00125149 0.0128052 0.000163992 2.69059e-08
-0.0365723 0.00133764 0.0127319 0.000162114 2.62889e-08
-0.0364502 0.00132869 0.013147 0.000172932 2.99683e-08
-0.0371582 0.00138077 0.0134399 0.000180663 3.26619e-08
-0.0373047 0.00139167 0.0131714 0.000173523 3.01361e-08
-0.0370605 0.00137355 0.0131714 0.000173523 3.01361e-08
-0.0373047 0.00139171 0.0129028 0.000166525 2.77584e-08
-0.0382324 0.00146178 0.0126099 0.000159039 2.53124e-08
-0.0379395 0.00143955 0.0127563 0.000162734 2.64887e-08
-0.0369629 0.00136631 0.0128296 0.00016463 2.71236e-08
-0.0363037 0.00131809 0.0133789 0.000179031 3.20785e-08
-0.0368164 0.00135548 0.0139038 0.000193329 3.73864e-08
-0.0371826 0.00138263 0.0139526 0.0001947 3.79267e-08
-0.0376465 0.00141728 0.0139282 0.000194015 3.76566e-08
-0.037793 0.00142837 0.0138062 0.000190641 3.63679e-08
-0.0380127 0.0014452 0.0139282 0.000194012 3.76532e-08
-0.0384277 0.00147673 0.0142334 0.000202608 4.10649e-08
-0.0383057 0.00146739 0.0147827 0.000218548 4.77799e-08
-0.0380615 0.00144871 0.0146729 0.000215313 4.63773e-08
-0.0389648 0.0015184 0.0144897 0.000210001 4.41406e-08
-0.0391357 0.00153174 0.0136719 0.00018701 3.50391e-08
-0.0391357 0.00153171 0.0136353 0.00018595 3.45996e-08
-0.0393799 0.00155084 0.0132446 0.000175543 3.09017e-08
-0.0397949 0.00158372 0.0126831 0.00016088 2.58949e-08
-0.040918 0.00167433 0.0130127 0.000169352 2.86946e-08
-0.0412842 0.0017045 0.0127563 0.00016274 2.64945e-08
-0.0419189 0.00175735 0.0120483 0.000145201 2.11062e-08
-0.0418213 0.00174904 0.0123047 0.000151417 2.29338e-08
-0.0408691 0.00167049 0.0122437 0.000149925 2.24884e-08
-0.039917 0.00159341 0.0123413 0.000152315 2.32044e-08
-0.0398193 0.00158566 0.0122192 0.000149439 2.24074e-08
-0.0404541 0.00163657 0.0114624 0.0001314 1.72729e-08
-0.0406006 0.00164846 0.0113647 0.000129189 1.67059e-08
-0.0405762 0.00164648 0.0119995 0.000144066 2.07999e-08
-0.0406494 0.00165241 0.0118286 0.000139935 1.95927e-08
-0.0405029 0.0016406 0.0120483 0.000145204 2.11089e-08
-0.0394287 0.00155466 0.0126221 0.000159368 2.54306e-08
-0.0400635 0.00160525 0.0121582 0.00014787 2.18947e-08
-0.039917 0.00159342 0.0124634 0.000155355 2.41471e-08
-0.0413818 0.00171275 0.0126343 0.000159658 2.55122e-08
-0.0427246 0.00182563 0.0128052 0.000163998 2.6912e-08
-0.0442627 0.00195935 0.0124512 0.000155145 2.41411e-08
-0.0457275 0.00209127 0.0121216 0.000146951 2.16051e-08
-0.0470215 0.00221107 0.0127197 0.000161842 2.6225e-08
-0.0474609 0.00225264 0.0125366 0.000157179 2.47128e-08
-0.0474121 0.00224795 0.0119629 0.00014317 2.05321e-08
-0.0475586 0.00226187 0.0113403 0.000128622 1.65536e-08
-0.0469971 0.00220882 0.0110718 0.000122608 1.50446e-08
-0.0469727 0.00220652 0.0113647 0.000129171 1.6692e-08
-0.0477051 0.00227585 0.0111694 0.000124766 1.55714e-08
-0.047583 0.00226429 0.0110962 0.000123145 1.51741e-08
-0.0477783 0.00228283 0.0116577 0.000135936 1.84968e-08
-0.0476562 0.00227121 0.0114624 0.000131394 1.72682e-08
-0.0469727 0.0022065 0.0116089 0.00013478 1.81727e-08
-0.0474609 0.00225258 0.0114136 0.000130279 1.69778e-08
-0.0469482 0.0022043 0.011731 0.000137635 1.89538e-08
-0.0460205 0.00211801 0.0116333 0.000135346 1.8325e-08
-0.045752 0.00209341 0.0114136 0.000130291 1.69872e-08
-0.0455811 0.00207772 0.0119751 0.000143425 2.05837e-08
-0.0451172 0.00203562 0.0118896 0.000141391 2.00069e-08
-0.0450439 0.00202907 0.0121704 0.000148167 2.19819e-08
-0.0458984 0.00210674 0.0120972 0.000146361 2.14327e-08
-0.0459961 0.00211569 0.0123413 0.000152345 2.32317e-08
-0.0464844 0.002161 0.011853 0.000140639 1.98597e-08
-0.0474609 0.00225265 0.0111938 0.000125326 1.57187e-08
-0.0474121 0.00224806 0.0114624 0.000131412 1.72823e-08
-0.0478516 0.00228982 0.0110718 0.00012265 1.50748e-08
-0.0473633 0.00224345 0.0106079 0.000112559 1.26836e-08
-0.0473145 0.00223876 0.0107056 0.000114651 1.3164e-08
-0.0463867 0.00215179 0.0108887 0.000118575 1.40653e-08
-0.0463623 0.00214949 0.0109863 0.000120735 1.45944e-08
-0.0463623 0.00214954 0.0110962 0.000123139 1.51696e-08
-0.0463379 0.00214723 0.0111816 0.000125062 1.56573e-08
-0.0463623 0.00214955 0.0110352 0.000121787 1.48382e-08
-0.0465088 0.00216318 0.0108154 0.000117025 1.3719e-08
-0.0453613 0.00205784 0.0106201 0.000112811 1.27371e-08
-0.0442627 0.00195946 0.0109009 0.000118853 1.41374e-08
-0.0447998 0.0020074 0.0111694 0.000124885 1.56611e-08
-0.0453613 0.00205768 0.0115601 0.000133677 1.78919e-08
-0.046582 0.00217004 0.0115601 0.00013373 1.79357e-08
-0.046167 0.00213155 0.0115234 0.000132811 1.76501e-08
-0.0462646 0.00214049 0.011731 0.000137646 1.89635e-08
-0.0468262 0.00219283 0.012146 0.000147565 2.17982e-08
-0.0474121 0.00224797 0.0124634 0.000155367 2.41584e-08
-0.0479492 0.00229923 0.0127808 0.000163354 2.66885e-08
-0.0481689 0.00232031 0.0130737 0.000170936 2.92281e-08
-0.0476074 0.00226663 0.0130249 0.000169708 2.88412e-08
-0.0486816 0.0023702 0.0131104 0.000171912 2.95746e-08
-0.0494141 0.00244178 0.0131348 0.000172594 2.98377e-08
-0.0484131 0.00234413 0.0126709 0.000160575 2.57992e-08
-0.0484375 0.00234625 0.0122681 0.000150593 2.27309e-08
-0.0489502 0.0023962 0.0124634 0.000155373 2.41636e-08
-0.048877 0.00238913 0.0121704 0.000148143 2.19606e-08
-0.0484863 0.00235099 0.0126831 0.000160898 2.5912e-08
-0.0494629 0.00244677 0.0127686 0.000163057 2.66018e-08
-0.0501709 0.00251721 0.012146 0.000147553 2.17881e-08
-0.0493408 0.00243465 0.012085 0.000146076 2.13556e-08
-0.0480957 0.00231358 0.0123779 0.000153255 2.3513e-08
-0.0470947 0.00221794 0.0122681 0.000150539 2.26822e-08
-0.0471924 0.00222717 0.012439 0.000154747 2.39586e-08
-0.047168 0.00222489 0.0123413 0.000152327 2.32152e-08
-0.0476074 0.00226657 0.0118042 0.000139387 1.94556e-08
-0.0483398 0.00233698 0.0112915 0.000127514 1.62677e-08
-0.0489258 0.00239379 0.0114014 0.000130028 1.69261e-08
-0.0486328 0.00236516 0.0106689 0.000113901 1.30078e-08
-0.0475342 0.00225976 0.00998535 9.97752e-05 9.98273e-09
-0.0466797 0.00217903 0.00970459 9.42007e-05 8.88182e-09
-0.0464355 0.00215644 0.00960693 9.23231e-05 8.53456e-09
-0.0457764 0.00209565 0.00913086 8.33869e-05 6.95813e-09
-0.0461914 0.00213372 0.00897217 8.05333e-05 6.49665e-09
-0.0458496 0.00210222 0.00905762 8.20756e-05 6.74775e-09
-0.0453857 0.00205992 0.00932617 8.70168e-05 7.58567e-09
-0.0451416 0.00203795 0.00943604 8.90747e-05 7.94716e-09
-0.0455811 0.00207787 0.00980225 9.61497e-05 9.2702e-09
-0.0459473 0.00211123 0.0098999 9.80273e-05 9.61686e-09
-0.0457764 0.00209554 0.00959473 9.20892e-05 8.49159e-09
-0.0455566 0.00207548 0.00979004 9.59069e-05 9.22212e-09
-0.0456299 0.00208223 0.0101685 0.000103404 1.06948e-08
-0.0459473 0.00211127 0.0103027 0.000106177 1.12862e-08
-0.0461426 0.00212995 0.0103882 0.000107946 1.16656e-08
-0.0478271 0.00228747 0.00992432 9.8516e-05 9.715e-09
-0.0483643 0.00233921 0.0095459 9.12249e-05 8.3577e-09
-0.0478271 0.00228748 0.00935059 8.74549e-05 7.65592e-09
-0.0478027 0.00228519 0.00938721 8.81329e-05 7.77206e-09
-0.0477295 0.00227823 0.00916748 8.40858e-05 7.08484e-09
-0.0476807 0.00227352 0.00853271 7.28145e-05 5.30408e-09
-0.0478516 0.00228981 0.00836182 6.99297e-05 4.89287e-09
-0.0484375 0.00234625 0.00843506 7.11694e-05 5.07054e-09
-0.0485596 0.00235811 0.00804443 6.47619e-05 4.20682e-09
-0.0482666 0.0023297 0.00782471 6.12333e-05 3.75131e-09
-0.048584 0.00236057 0.00753174 5.67511e-05 3.22616e-09
-0.0483643 0.00233949 0.00770264 5.93379e-05 3.52272e-09
-0.046582 0.00216999 0.00748291 5.60299e-05 3.14745e-09
-0.0469482 0.0022044 0.00750732 5.64113e-05 3.19363e-09
-0.0483887 0.00234151 0.00738525 5.46172e-05 2.9994e-09
-0.0480713 0.00231096 0.00738525 5.45755e-05 2.9858e-09
-0.0479736 0.00230148 0.0083252 6.94424e-05 4.85928e-09
-0.0473145 0.00223879 0.00843506 7.11873e-05 5.07805e-09
-0.0470215 0.00221109 0.00814209 6.62997e-05 4.39728e-09
-0.0473877 0.00224568 0.00806885 6.51255e-05 4.24632e-09
-0.0484863 0.00235114 0.00804443 6.48215e-05 4.22935e-09
-0.0487549 0.0023771 0.00778809 6.07431e-05 3.71147e-09
-0.0483643 0.00233913 0.00821533 6.75157e-05 4.56481e-09
-0.0497803 0.00247846 0.00869141 7.55787e-05 5.72347e-09
-0.0511719 0.00261866 0.00839844 7.05779e-05 4.99363e-09
-0.0513184 0.00263376 0.00732422 5.37157e-05 2.90102e-09
-0.051123 0.00261376 0.00678711 4.60863e-05 2.12794e-09
-0.0526611 0.00277358 0.00629883 3.96878e-05 1.57711e-09
-0.0537354 0.00288755 0.00633545 4.01512e-05 1.61423e-09
-0.0539551 0.00291119 0.0060791 3.70055e-05 1.37687e-09
-0.054248 0.00294293 0.00552979 3.06085e-05 9.40578e-10
-0.0547363 0.00299615 0.00539551 2.91228e-05 8.49471e-10
-0.0545166 0.00297207 0.00537109 2.88755e-05 8.3696e-10
-0.054248 0.00294292 0.0060791 3.69787e-05 1.37087e-09
-0.0544189 0.00296146 0.00566406 3.2118e-05 1.03615e-09
-0.0530762 0.00281726 0.0057251 3.28079e-05 1.08036e-09
-0.0531494 0.0028249 0.00581055 3.37988e-05 1.14725e-09
-0.0541016 0.00292714 0.00618896 3.83273e-05 1.47257e-09
-0.0554687 0.00307735 0.00577393 3.34397e-05 1.13161e-09
-0.0562988 0.00316962 0.00526123 2.76998e-05 7.69395e-10
-0.0552734 0.00305532 0.00491943 2.42308e-05 5.90062e-10
-0.0552734 0.00305521 0.00494385 2.44513e-05 5.98814e-10
-0.0547607 0.00299885 0.00482178 2.32831e-05 5.4522e-10
-0.0537598 0.00289016 0.00506592 2.56732e-05 6.60108e-10
-0.0538818 0.00290331 0.00509033 2.59236e-05 6.73276e-10
-0.0538086 0.00289547 0.00524902 2.75731e-05 7.62576e-10
-0.0543945 0.00295885 0.00487061 2.37599e-05 5.68142e-10
-0.0536865 0.00288242 0.00518799 2.69756e-05 7.33881e-10
-0.0531494 0.0028249 0.0050415 2.54288e-05 6.47858e-10
-0.0539063 0.00290608 0.00493164 2.43515e-05 5.95963e-10
-0.0552002 0.00304714 0.00415039 1.72824e-05 3.02584e-10
-0.055249 0.0030525 0.00367432 1.35079e-05 1.82857e-10
-0.0550049 0.0030256 0.00369873 1.37046e-05 1.89179e-10
-0.0545898 0.00298011 0.00396729 1.57729e-05 2.50896e-10
-0.0550537 0.00303107 0.00428467 1.83895e-05 3.40446e-10
-0.0542969 0.00294831 0.00385742 1.49012e-05 2.23345e-10
-0.0534668 0.00285895 0.0039917 1.59577e-05 2.56193e-10
-0.0533691 0.00284828 0.00310059 9.66191e-06 9.53084e-11
-0.0526123 0.00276816 0.00245361 6.08116e-06 3.86419e-11
-0.0531738 0.00282756 0.00220947 4.89503e-06 2.42275e-11
-0.0535156 0.00286399 0.00196533 3.87579e-06 1.52331e-11
-0.05271 0.0027784 0.00236816 5.63264e-06 3.22992e-11
-0.0513184 0.00263399 0.00274658 7.5534e-06 5.73462e-11
-0.0505371 0.00255407 0.0026001 6.7845e-06 4.66678e-11
-0.0503906 0.00253925 0.00319824 1.02788e-05 1.07676e-10
-0.0500244 0.00250254 0.00334473 1.12206e-05 1.27412e-10
-0.0494141 0.00244176 0.00284424 8.13156e-06 6.74814e-11
-0.0486328 0.00236529 0.00238037 5.69373e-06 3.30446e-11
-0.0488525 0.00238668 0.00206299 4.27514e-06 1.86089e-11
-0.0496826 0.00246858 0.002771 7.70837e-06 6.02524e-11
-0.0506836 0.00256885 0.00297852 8.9556e-06 8.32182e-11
-0.0500244 0.00250255 0.003125 9.79304e-06 9.69906e-11
-0.049707 0.00247086 0.00299072 8.97199e-06 8.14841e-11
-0.0491943 0.00242019 0.00291748 8.53091e-06 7.34375e-11
-0.048999 0.00240098 0.002771 7.74115e-06 6.18649e-11
-0.0482422 0.00232749 0.00213623 4.57317e-06 2.10908e-11
-0.0469482 0.00220444 0.00246582 6.08861e-06 3.72717e-11
-0.0460449 0.00212017 0.00262451 6.89775e-06 4.78459e-11
-0.045752 0.00209333 0.00292969 8.61287e-06 7.51553e-11
-0.0452393 0.00204661 0.00297852 8.88407e-06 7.93695e-11
-0.0452881 0.00205106 0.00258789 6.7085e-06 4.53139e-11
-0.0450439 0.00202902 0.00289307 8.39382e-06 7.12722e-11
-0.0452393 0.00204683 0.00246582 6.13034e-06 3.87791e-11
-0.0463379 0.00214751 0.00180664 3.2872e-06 1.11116e-11
-0.0465576 0.00216781 0.00150146 2.26051e-06 5.16398e-12
-0.0462402 0.00213822 0.00181885 3.36319e-06 1.20541e-11
-0.0460449 0.00212028 0.00213623 4.59701e-06 2.17456e-11
-0.0452637 0.00204889 0.00241699 5.88298e-06 3.55553e-11
-0.0445801 0.00198746 0.00299072 9.02563e-06 8.41667e-11
-0.0437744 0.00191646 0.00360107 1.31115e-05 1.79554e-10
-0.0421875 0.00178002 0.00351563 1.24753e-05 1.61568e-10
-0.0411621 0.00169441 0.00308838 9.55015e-06 9.16694e-11
-0.0413086 0.00170653 0.00322266 1.04189e-05 1.09956e-10
-0.0401611 0.00161298 0.00389404 1.51947e-05 2.32717e-10
-0.0396484 0.00157204 0.00394287 1.5606e-05 2.47087e-10
-0.0394775 0.00155854 0.00313721 9.90778e-06 1.00703e-10
-0.0393066 0.00154504 0.00216064 4.71026e-06 2.30249e-11
-0.0387939 0.00150512 0.00201416 4.08441e-06 1.71128e-11
-0.0378906 0.00143589 0.00216064 4.71026e-06 2.29673e-11
-0.038623 0.00149181 0.00247803 6.21229e-06 4.02111e-11
-0.0391113 0.00153005 0.00273437 7.48932e-06 5.64631e-11
-0.040918 0.00167437 0.00223389 5.0202e-06 2.58155e-11
-0.0421143 0.00177408 0.0022583 5.10961e-06 2.63058e-11
-0.0434814 0.00189075 0.00224609 5.07832e-06 2.64746e-11
-0.0435791 0.00189931 0.00214844 4.63426e-06 2.1817e-11
-0.043457 0.00188854 0.00238037 5.69373e-06 3.30649e-11
-0.0440186 0.00193769 0.00224609 5.0962e-06 2.70842e-11
-0.0438721 0.00192497 0.00189209 3.59565e-06 1.3153e-11
-0.0435547 0.00189705 0.00229492 5.28991e-06 2.84758e-11
-0.0445557 0.00198539 0.00230713 5.34207e-06 2.89522e-11
-0.0443848 0.00197003 0.00270996 7.4476e-06 5.84185e-11
-0.0439209 0.00192907 0.00325928 1.06648e-05 1.156e-10
-0.0433105 0.00187594 0.00394287 1.55583e-05 2.42816e-10
-0.0423828 0.00179691 0.0039917 1.59815e-05 2.58518e-10
-0.0409668 0.00167835 0.00471191 2.22921e-05 5.04968e-10
-0.04021 0.0016169 0.00484619 2.35096e-05 5.54974e-10
-0.0414062 0.00171454 0.00495605 2.46018e-05 6.09003e-10
-0.0419189 0.00175728 0.00494385 2.44781e-05 6.02891e-10
-0.0421875 0.00177983 0.00517578 2.67953e-05 7.18682e-10
-0.0415283 0.00172463 0.0052124 2.71812e-05 7.40125e-10
-0.0416748 0.00173686 0.00474854 2.25618e-05 5.10218e-10
-0.0425293 0.00180879 0.00469971 2.21446e-05 4.9562e-10
-0.0421143 0.0017737 0.00479736 2.30446e-05 5.33844e-10
-0.0427734 0.00182964 0.00408936 1.68458e-05 2.92015e-10
-0.0431641 0.00186348 0.00291748 8.70973e-06 8.26995e-11
-0.0430908 0.00185694 0.00230713 5.34803e-06 2.91349e-11
-0.0438721 0.00192488 0.00144043 2.10702e-06 4.7327e-12
-0.0433838 0.00188231 0.00169678 2.98768e-06 1.00589e-11
-0.043457 0.0018886 0.00186768 3.50624e-06 1.25348e-11
-0.0430664 0.00185478 0.00203857 4.19766e-06 1.83698e-11
-0.0432373 0.00186949 0.0024292 5.92023e-06 3.55084e-11
-0.043457 0.00188854 0.00245361 6.03348e-06 3.67302e-11
-0.044165 0.00195064 0.00180664 3.32296e-06 1.17426e-11
-0.0438232 0.00192056 0.00145264 2.12938e-06 4.7e-12
-0.0445801 0.00198761 0.00140381 1.99229e-06 4.12801e-12
-0.0435059 0.00189282 0.00136719 1.88947e-06 3.74039e-12
-0.0439209 0.00192922 0.000915527 8.9556e-07 9.90963e-13
-0.044165 0.00195101 0.000512695 2.80142e-07 9.53015e-14
-0.0450928 0.00203344 0.000830078 7.12276e-07 5.72831e-13
-0.0440918 0.00194416 0.000817871 7.52509e-07 7.75668e-13
-0.0433105 0.00187608 -0.000134277 3.72529e-08 2.95319e-15
-0.0423584 0.00179428 -0.000256348 9.08971e-08 1.5743e-14
-0.0425049 0.00180681 0.000341797 2.95043e-07 1.90914e-13
-0.0424805 0.00180472 0.000891113 8.18074e-07 7.42273e-13
-0.0431885 0.00186537 0.00151367 2.3216e-06 5.63438e-12
-0.0445557 0.00198534 0.00198975 4.13209e-06 1.98164e-11
-0.0448486 0.00201148 0.00267334 7.17789e-06 5.24232e-11
-0.0448975 0.00201581 0.00325928 1.0635e-05 1.13612e-10
-0.0449219 0.00201815 0.00336914 1.13755e-05 1.3048e-10
-0.0455566 0.00207547 0.00303955 9.27597e-06 8.74708e-11
-0.0448242 0.00200927 0.00294189 8.69185e-06 7.67821e-11
-0.0449463 0.0020202 0.00268555 7.25985e-06 5.41175e-11
-0.0452881 0.00205106 0.00288086 8.39531e-06 7.35168e-11
-0.0455811 0.00207767 0.00239258 5.76079e-06 3.40771e-11
-0.0456543 0.00208433 0.00273437 7.49826e-06 5.68506e-11
-0.0453125 0.00205331 0.00274658 7.58022e-06 5.85809e-11
-0.0464111 0.00215412 0.00275879 7.62641e-06 5.86284e-11
-0.0465576 0.00216766 0.00288086 8.32677e-06 7.026e-11
-0.0462646 0.00214052 0.00323486 1.05157e-05 1.12651e-10
-0.0454346 0.0020644 0.00313721 9.85414e-06 9.75761e-11
-0.0457031 0.00208895 0.00396729 1.58265e-05 2.55768e-10
-0.0472656 0.00223411 0.00423584 1.79544e-05 3.23223e-10
-0.0472656 0.00223408 0.00407715 1.66535e-05 2.79371e-10
-0.0459717 0.00211372 0.00405273 1.64747e-05 2.74672e-10
-0.0447754 0.00200489 0.00413818 1.71319e-05 2.94002e-10
-0.0445557 0.00198533 0.00452881 2.05651e-05 4.27403e-10
-0.0440918 0.00194416 0.00484619 2.35096e-05 5.54974e-10
-0.04375 0.0019141 0.00482178 2.32592e-05 5.41892e-10
-0.0431641 0.0018634 0.00495605 2.45869e-05 6.06913e-10
-0.0431641 0.00186348 0.00495605 2.4581e-05 6.06037e-10
-0.0435059 0.00189297 0.00556641 3.1054e-05 9.73164e-10
-0.0424316 0.00180054 0.00634766 4.03017e-05 1.62567e-09
-0.0417969 0.00174708 0.00631104 3.98472e-05 1.59071e-09
-0.0411133 0.00169034 0.00632324 4.00037e-05 1.60356e-09
-0.0407471 0.00166041 0.00610352 3.72708e-05 1.39178e-09
-0.0400391 0.0016032 0.0065918 4.36157e-05 1.93084e-09
-0.0402832 0.00162302 0.00625 3.91275e-05 1.54117e-09
-0.0406494 0.0016524 0.0067627 4.58032e-05 2.11065e-09
-0.0406738 0.0016544 0.00654297 4.28438e-05 1.84128e-09
-0.0411621 0.00169437 0.00670166 4.49553e-05 2.02864e-09
-0.0405518 0.00164453 0.00712891 5.08696e-05 2.59738e-09
-0.0401855 0.0016149 0.0067749 4.59626e-05 2.12402e-09
-0.0399658 0.00159751 0.00627441 3.93867e-05 1.55428e-09
-0.0412354 0.00170067 0.00687256 4.72441e-05 2.2343e-09
-0.0419922 0.00176336 0.00692139 4.79177e-05 2.29841e-09
-0.0423828 0.0017964 0.00701904 4.93184e-05 2.44262e-09
-0.0424316 0.00180051 0.00750732 5.64113e-05 3.19383e-09
-0.0423828 0.00179634 0.00771484 5.95301e-05 3.54655e-09
-0.0427734 0.00182974 0.00766602 5.88e-05 3.46493e-09
-0.0432373 0.00186952 0.00717773 5.15461e-05 2.66236e-09
-0.0429199 0.00184216 0.0064209 4.12494e-05 1.70509e-09
-0.0427734 0.00182961 0.00657959 4.33162e-05 1.88064e-09
-0.0429688 0.0018464 0.00662842 4.39957e-05 1.94634e-09
-0.0409668 0.00167841 0.00689697 4.75839e-05 2.2672e-09
-0.0400879 0.00160714 0.00644531 4.16517e-05 1.75327e-09
-0.0398437 0.00158753 0.00661621 4.3878e-05 1.94268e-09
-0.0404053 0.00163264 0.00689697 4.75839e-05 2.2672e-09
-0.0408936 0.00167257 0.00665283 4.42877e-05 1.96629e-09
-0.0419189 0.00175722 0.00693359 4.80831e-05 2.31359e-09
-0.0419189 0.00175723 0.00673828 4.54187e-05 2.06547e-09
-0.0423828 0.00179634 0.00755615 5.72696e-05 3.31926e-09
-0.0414795 0.00172066 0.00772705 5.97313e-05 3.57353e-09
-0.040332 0.00162678 0.00811768 6.59063e-05 4.3462e-09
-0.0401367 0.00161108 0.00795898 6.33538e-05 4.01581e-09
-0.0392334 0.0015393 0.00787354 6.20022e-05 3.84668e-09
-0.0404053 0.00163274 0.0081543 6.65247e-05 4.43424e-09
-0.0401611 0.00161303 0.00876465 7.68423e-05 5.91189e-09
-0.0405029 0.0016408 0.00869141 7.55489e-05 5.71015e-09
-0.0405762 0.00164651 0.00803223 6.46234e-05 4.20477e-09
-0.0409912 0.0016803 0.00783691 6.14434e-05 3.78173e-09
-0.0421143 0.00177388 0.00804443 6.47798e-05 4.21347e-09
-0.0434326 0.00188652 0.00805664 6.49214e-05 4.21785e-09
-0.0425293 0.00180882 0.00805664 6.49303e-05 4.22136e-09
-0.0423828 0.0017964 0.00789795 6.23897e-05 3.89547e-09
-0.042627 0.00181714 0.00766602 5.87821e-05 3.45869e-09
-0.0435791 0.00189981 0.00783691 6.14345e-05 3.77842e-09
-0.0440186 0.00193773 0.00786133 6.18309e-05 3.83059e-09
-0.0446777 0.00199618 0.0086792 7.53894e-05 5.70175e-09
-0.0452393 0.00204664 0.00906982 8.22797e-05 6.77591e-09
-0.0453613 0.00205774 0.00883789 7.82222e-05 6.15426e-09
-0.0465332 0.00216552 0.00793457 6.30587e-05 4.0011e-09
-0.0468018 0.00219057 0.00733643 5.38543e-05 2.90709e-09
-0.0461426 0.00212919 0.00777588 6.04883e-05 3.66453e-09
-0.0458984 0.00210673 0.00744629 5.54711e-05 3.08229e-09
-0.04646 0.00215855 0.00731201 5.34847e-05 2.86474e-09
-0.0459717 0.00211342 0.00697021 4.86568e-05 2.38185e-09
-0.0456543 0.00208437 0.00684814 4.69103e-05 2.20309e-09
-0.0447021 0.00199838 0.00657959 4.33043e-05 1.87754e-09
-0.0443115 0.00196361 0.00675049 4.55931e-05 2.08307e-09
-0.0444336 0.00197451 0.00665283 4.42699e-05 1.96154e-09
-0.0451416 0.00203779 0.00675049 4.55812e-05 2.07985e-09
-0.0452148 0.00204439 0.00695801 4.84318e-05 2.3491e-09
-0.0457031 0.00208882 0.0072998 5.33193e-05 2.84974e-09
-0.0454102 0.00206219 0.00759277 5.76705e-05 3.33066e-09
-0.0463623 0.00214959 0.0079834 6.3765e-05 4.07375e-09
-0.045874 0.00210453 0.00823975 6.79061e-05 4.61469e-09
-0.0456543 0.00208433 0.00805664 6.49393e-05 4.22485e-09
-0.0455322 0.00207328 0.00791016 6.25938e-05 3.92381e-09
-0.0457275 0.00209125 0.0078125 6.1053e-05 3.73184e-09
-0.0463623 0.00214958 0.00806885 6.51494e-05 4.25561e-09
-0.045459 0.00206662 0.00881348 7.77096e-05 6.04886e-09
-0.0456787 0.00208659 0.0086792 7.53358e-05 5.67768e-09
-0.0457275 0.00209104 0.00839844 7.05421e-05 4.97855e-09
-0.0452881 0.00205112 0.00870361 7.58186e-05 5.76807e-09
-0.0444336 0.00197459 0.00914307 8.3603e-05 6.9919e-09
-0.0447021 0.00199832 0.00917969 8.43167e-05 7.12611e-09
-0.0452881 0.00205111 0.00823975 6.79508e-05 4.63304e-09
-0.0457275 0.00209103 0.00841064 7.07641e-05 5.01468e-09
-0.0455811 0.00207768 0.00853271 7.28801e-05 5.33248e-09
-0.0454102 0.00206226 0.00935059 8.75384e-05 7.70001e-09
-0.0467529 0.00218591 0.0100708 0.000101455 1.03066e-08
-0.0477539 0.00228049 0.00997314 9.94757e-05 9.9002e-09
-0.0480225 0.00230623 0.0101929 0.000103904 1.08001e-08
-0.0476318 0.00226883 0.00999756 9.99644e-05 9.99825e-09
-0.0473145 0.00223882 0.00950928 9.04813e-05 8.20683e-09
-0.0459717 0.00211353 0.00892334 7.96333e-05 6.34378e-09
-0.045752 0.0020933 0.00882568 7.79286e-05 6.08413e-09
-0.0456299 0.00208226 0.00845947 7.15867e-05 5.13148e-09
-0.0455566 0.00207547 0.00823975 6.79448e-05 4.63025e-09
-0.0457031 0.00208886 0.00780029 6.08638e-05 3.7091e-09
-0.0450439 0.00202904 0.00800781 6.41733e-05 4.13078e-09
-0.0443359 0.00196574 0.00814209 6.63236e-05 4.40678e-09
-0.0457275 0.00209137 0.00817871 6.69301e-05 4.48989e-09
-0.045752 0.00209326 0.00894775 8.01459e-05 6.45034e-09
-0.0450928 0.00203342 0.00897217 8.05154e-05 6.48778e-09
-0.0461426 0.00212926 0.00947266 8.97735e-05 8.07461e-09
-0.0453125 0.00205325 0.00943604 8.90866e-05 7.95332e-09
-0.0444824 0.00197877 0.00913086 8.33988e-05 6.96413e-09
-0.0447021 0.0019983 0.00924072 8.5403e-05 7.29779e-09
-0.0450928 0.00203344 0.00911865 8.31619e-05 6.91991e-09
-0.0453125 0.00205326 0.0090332 8.16286e-05 6.67295e-09
-0.0452148 0.00204445 0.00881348 7.76857e-05 6.03765e-09
-0.0443848 0.00197006 0.00878906 7.72625e-05 5.97414e-09
-0.0439209 0.00192906 0.00847168 7.17938e-05 5.16145e-09
-0.0439941 0.00193552 0.00859375 7.3877e-05 5.46511e-09
-0.0442627 0.00195925 0.00888672 7.8997e-05 6.24788e-09
-0.0440918 0.00194433 0.00882568 7.78988e-05 6.07012e-09
-0.0439209 0.00192911 0.00875244 7.66411e-05 5.8848e-09
-0.0444092 0.00197223 0.00894775 8.00744e-05 6.41578e-09
-0.0444824 0.0019787 0.00893555 7.98523e-05 6.37905e-09
-0.0444824 0.00197874 0.00855713 7.32556e-05 5.37562e-09
-0.0451904 0.00204222 0.00921631 8.4962e-05 7.22579e-09
-0.0450928 0.00203339 0.00919189 8.45149e-05 7.15084e-09
-0.0458252 0.00209998 0.00897217 8.05274e-05 6.49353e-09
-0.0465332 0.00216537 0.00904541 8.18387e-05 6.70384e-09
-0.0467285 0.00218357 0.00899658 8.10042e-05 6.58281e-09
-0.0467773 0.00218823 0.00870361 7.5765e-05 5.74399e-09
-0.0461182 0.00212691 0.00921631 8.50633e-05 7.27754e-09
-0.0458252 0.00210012 0.00968018 9.37179e-05 8.78757e-09
-0.0455566 0.00207555 0.00963135 9.27702e-05 8.60902e-09
-0.0466553 0.00217674 0.00960693 9.23112e-05 8.52799e-09
-0.0456299 0.00208213 0.00985107 9.71034e-05 9.45195e-09
-0.0466309 0.00217472 0.00961914 9.25869e-05 8.59454e-09
-0.0478271 0.00228749 0.00953369 9.08986e-05 8.2652e-09
-0.0480469 0.00230871 0.0098877 9.77844e-05 9.56878e-09
-0.0495361 0.00245386 0.00961914 9.2563e-05 8.58114e-09
-0.0490234 0.00240331 0.00941162 8.85978e-05 7.85637e-09
-0.0489014 0.00239158 0.00947266 8.97914e-05 8.08421e-09
-0.0493652 0.00243695 0.00970459 9.41887e-05 8.87517e-09
-0.0490479 0.00240577 0.0101563 0.000103223 1.06854e-08
-0.0498779 0.00248786 0.0106323 0.000113113 1.28253e-08
-0.0497314 0.00247329 0.0111206 0.000123696 1.53147e-08
-0.0499023 0.00249031 0.0110962 0.000123139 1.51696e-08
-0.050708 0.00257133 0.011377 0.000129476 1.67855e-08
-0.051416 0.00264364 0.0118164 0.000139666 1.95281e-08
-0.0512207 0.00262364 0.011731 0.000137646 1.89639e-08
-0.0508301 0.00258374 0.0113403 0.000128622 1.65536e-08
-0.0500488 0.00250496 0.011438 0.00013084 1.71253e-08
-0.050293 0.00252942 0.0109863 0.000120759 1.46113e-08
-0.0503662 0.0025368 0.0106812 0.000114103 1.30266e-08
-0.0510742 0.00260861 0.0108887 0.000118586 1.40738e-08
-0.051001 0.00260116 0.0110962 0.000123186 1.52052e-08
-0.0525146 0.00275813 0.0120972 0.000146414 2.14802e-08
-0.0529541 0.00280418 0.0123047 0.000151452 2.2966e-08
-0.052832 0.00279125 0.0115112 0.000132574 1.76109e-08
-0.0522217 0.00272717 0.0113525 0.000128901 1.66262e-08
-0.0518311 0.0026866 0.0118286 0.000139971 1.96221e-08
-0.0512451 0.00262614 0.0112671 0.000127049 1.61926e-08
-0.0519287 0.00269678 0.0107666 0.000115934 1.34473e-08
-0.0524902 0.00275531 0.0112061 0.000125626 1.58068e-08
-0.0519043 0.00269409 0.0112427 0.000126405 1.59819e-08
-0.0509033 0.00259121 0.0115601 0.000133653 1.78728e-08
-0.0514648 0.00264883 0.0116089 0.000134821 1.82063e-08
-0.0514648 0.00264866 0.011145 0.000124241 1.54509e-08
-0.0516602 0.00266894 0.0111206 0.000123681 1.53036e-08
-0.05354 0.00286673 0.0113403 0.000128688 1.66049e-08
-0.0531738 0.00282753 0.0118408 0.000140223 1.96725e-08
-0.0529297 0.00280179 0.0123169 0.000151737 2.30429e-08
-0.0523438 0.00273993 0.012561 0.000157817 2.49294e-08
-0.052832 0.00279129 0.0124268 0.000154465 2.38849e-08
-0.0537842 0.00289314 0.0123047 0.000151423 2.29393e-08
-0.0532227 0.00283306 0.0127686 0.000163081 2.66246e-08
-0.0525391 0.00276043 0.0121826 0.000148475 2.20804e-08
-0.0521973 0.00272462 0.0116943 0.000136772 1.87143e-08
-0.0520508 0.00270932 0.0118286 0.000139971 1.96221e-08
-0.0519775 0.00270168 0.0113159 0.000128056 1.64015e-08
-0.0517578 0.00267904 0.0114258 0.000130609 1.70902e-08
-0.0504883 0.00254971 0.0111816 0.000125042 1.56417e-08
-0.0495605 0.00245628 0.0111694 0.000124837 1.56249e-08
-0.0500488 0.00250497 0.0108765 0.000118305 1.39995e-08
-0.0501709 0.00251718 0.0108032 0.000116743 1.36446e-08
-0.0505615 0.00255651 0.0112427 0.000126417 1.59909e-08
-0.0507324 0.00257398 0.011084 0.000122902 1.51281e-08
-0.0493164 0.00243219 0.0110229 0.000121553 1.47983e-08
-0.0494141 0.00244186 0.0101807 0.000103664 1.07541e-08
-0.0496094 0.00246115 0.010376 0.000107697 1.16141e-08
-0.0499756 0.00249757 0.010791 0.000116521 1.36119e-08
-0.0498291 0.00248299 0.0104126 0.00010844 1.1767e-08
-0.0498047 0.00248066 0.00960693 9.2335e-05 8.54121e-09
-0.0505371 0.00255435 0.00948486 8.99807e-05 8.10298e-09
-0.0503174 0.00253192 0.00977783 9.5655e-05 9.16861e-09
-0.0507812 0.00257883 0.0101196 0.000102462 1.0521e-08
-0.0500488 0.00250498 0.00999756 9.99764e-05 1.00053e-08
-0.0496826 0.00246841 0.0105713 0.000111777 1.25048e-08
-0.0506592 0.00256644 0.0108032 0.000116761 1.36574e-08
-0.051123 0.00261368 0.0110962 0.000123145 1.51741e-08
-0.0502441 0.00252458 0.0108032 0.000116725 1.36321e-08
-0.0508545 0.00258628 0.01073 0.000115182 1.32894e-08
-0.0512939 0.00263112 0.0108276 0.000117268 1.37657e-08
-0.0507324 0.00257401 0.0113159 0.00012808 1.64197e-08
-0.0503906 0.00253929 0.0114136 0.000130315 1.7006e-08
-0.050415 0.00254175 0.0117065 0.000137062 1.87967e-08
-0.0503418 0.0025345 0.0115845 0.000134225 1.80298e-08
-0.0493896 0.00243936 0.0108521 0.000117786 1.38827e-08
-0.0493896 0.00243941 0.011145 0.000124224 1.54375e-08
-0.0498779 0.00248783 0.011438 0.000130834 1.71207e-08
-0.0508057 0.00258133 0.0109497 0.00011992 1.43924e-08
-0.050708 0.00257136 0.010791 0.000116494 1.35932e-08
-0.0503174 0.00253188 0.0100464 0.000100942 1.01942e-08
-0.0509033 0.00259134 0.0101807 0.000103661 1.07521e-08
-0.0523193 0.00273742 0.0101074 0.000102204 1.04638e-08
-0.0533447 0.00284572 0.00958252 9.18821e-05 8.46355e-09
-0.0532959 0.00284056 0.00878906 7.72953e-05 5.98896e-09
-0.0532715 0.00283792 0.00823975 6.79448e-05 4.63025e-09
-0.0535645 0.00286926 0.00750732 5.63636e-05 3.1777e-09
-0.0539307 0.00290912 0.00756836 5.72979e-05 3.28715e-09
-0.0561279 0.00315041 0.00766602 5.8791e-05 3.46186e-09
-0.0565674 0.00320002 0.00780029 6.08519e-05 3.70473e-09
-0.0564941 0.00319183 0.00812988 6.61314e-05 4.38295e-09
-0.0568115 0.00322763 0.00817871 6.69062e-05 4.48046e-09
-0.0568848 0.00323591 0.00839844 7.06315e-05 5.01629e-09
-0.0560547 0.00314221 0.00870361 7.5759e-05 5.74127e-09
-0.056665 0.00321102 0.00809326 6.55964e-05 4.32791e-09
-0.055542 0.00308517 0.0083252 6.9347e-05 4.8194e-09
-0.0560791 0.00314553 0.00787354 6.20916e-05 3.88037e-09
-0.056958 0.00324432 0.00792236 6.27771e-05 3.94427e-09
-0.0581055 0.00337642 0.00788574 6.22809e-05 3.90214e-09
-0.0579834 0.00336211 0.0071167 5.06595e-05 2.56884e-09
-0.0570068 0.00324994 0.00748291 5.60597e-05 3.15753e-09
-0.0566406 0.00320821 0.00783691 6.14405e-05 3.78063e-09
-0.0566895 0.00321375 0.00782471 6.12751e-05 3.76663e-09
-0.0567139 0.00321657 0.00758057 5.75021e-05 3.31489e-09
-0.055957 0.00313131 0.00716553 5.13569e-05 2.64e-09
-0.0554687 0.00307684 0.00738525 5.45517e-05 2.978e-09
-0.0548828 0.00301249 0.00753174 5.676e-05 3.22914e-09
-0.054248 0.00294296 0.00670166 4.49702e-05 2.03294e-09
-0.0544922 0.00296943 0.00656738 4.31418e-05 1.86316e-09
-0.054248 0.00294288 0.00665283 4.42937e-05 1.96787e-09
-0.0541748 0.00293506 0.00673828 4.54217e-05 2.06625e-09
-0.0540283 0.00291911 0.00701904 4.92707e-05 2.42833e-09
-0.0543701 0.00295627 0.00673828 4.54575e-05 2.07622e-09
-0.0547852 0.00300158 0.00727539 5.30422e-05 2.83709e-09
-0.0554687 0.0030769 0.00809326 6.55308e-05 4.30219e-09
-0.0557617 0.00310944 0.00809326 6.55249e-05 4.2999e-09
-0.0565186 0.00319441 0.00841064 7.07522e-05 5.0096e-09
-0.0561523 0.0031531 0.00806885 6.51494e-05 4.25575e-09
-0.0564453 0.00318619 0.0081543 6.65277e-05 4.43533e-09
-0.0556396 0.00309579 0.00877686 7.71537e-05 5.99058e-09
-0.0558838 0.0031231 0.00899658 8.09625e-05 6.56273e-09
-0.0556641 0.00309876 0.00861816 7.43598e-05 5.55581e-09
-0.0547607 0.00299878 0.00844727 7.13795e-05 5.10167e-09
-0.0545898 0.00298011 0.00784912 6.16983e-05 3.82928e-09
-0.0542969 0.00294824 0.00821533 6.77094e-05 4.64318e-09
-0.0541016 0.00292711 0.00915527 8.38399e-05 7.03596e-09
-0.0533691 0.00284834 0.00928955 8.6315e-05 7.45689e-09
-0.0535156 0.00286396 0.00926514 8.5862e-05 7.3789e-09
-0.0538818 0.00290331 0.00924072 8.5403e-05 7.29779e-09
-0.0549805 0.00302299 0.00880127 7.74994e-05 6.01774e-09
-0.0555664 0.00308768 0.00880127 7.75054e-05 6.02054e-09
-0.0546143 0.00298302 0.00948486 9.00045e-05 8.11587e-09
-0.0537842 0.00289281 0.010022 0.000100459 1.00997e-08
-0.0529541 0.00280421 0.00948486 9.00522e-05 8.14173e-09
-0.05271 0.00277838 0.00946045 8.95515e-05 8.03788e-09
-0.0530029 0.00280939 0.00970459 9.42305e-05 8.8985e-09
-0.0528076 0.00278884 0.0088501 7.83995e-05 6.17014e-09
-0.0528809 0.00279646 0.00870361 7.57769e-05 5.74937e-09
-0.0529053 0.002799 0.00935059 8.75622e-05 7.7116e-09
-0.0531982 0.00283009 0.009729 9.46596e-05 8.96276e-09
-0.0528809 0.00279644 0.00935059 8.75175e-05 7.68862e-09
-0.0525635 0.00276299 0.00969238 9.40472e-05 8.88394e-09
-0.052124 0.00271694 0.010022 0.000100447 1.00926e-08
-0.0524902 0.00275528 0.0101685 0.00010341 1.06985e-08
-0.0517334 0.00267642 0.0100586 0.000101197 1.02494e-08
-0.0516846 0.00267131 0.00994873 9.90048e-05 9.81313e-09
-0.0513428 0.00263616 0.00930176 8.66383e-05 7.5469e-09
-0.051709 0.00267385 0.00855713 7.32735e-05 5.38335e-09
-0.0516602 0.00266886 0.00860596 7.40722e-05 5.48956e-09
-0.0523438 0.00273995 0.00865479 7.49245e-05 5.61946e-09
-0.0528809 0.00279655 0.00822754 6.77079e-05 4.58857e-09
-0.0533691 0.00284832 0.00917969 8.4433e-05 7.18413e-09
-0.0532227 0.00283271 0.00980225 9.6108e-05 9.24593e-09
-0.0522217 0.00272724 0.0102905 0.000105943 1.1244e-08
-0.0519287 0.00269662 0.0109131 0.000119108 1.41927e-08
-0.0527344 0.00278105 0.0109985 0.000121005 1.46602e-08
-0.0536377 0.00287705 0.0113159 0.000128062 1.64061e-08
-0.0535645 0.00286918 0.011792 0.00013907 1.93505e-08
-0.0536133 0.00287446 0.0115356 0.000133111 1.77399e-08
-0.0538818 0.0029033 0.0117065 0.000137062 1.87967e-08
-0.0530518 0.0028146 0.0112183 0.000125869 1.58526e-08
-0.0531006 0.00281978 0.0113403 0.000128628 1.65582e-08
-0.0526855 0.00277585 0.0109131 0.000119126 1.42055e-08
-0.052002 0.00270426 0.00999756 0.000100036 1.00414e-08
-0.0522217 0.00272717 0.00924072 8.54209e-05 7.3069e-09
-0.0517822 0.00268155 0.00930176 8.654e-05 7.49512e-09
-0.050415 0.00254193 0.00938721 8.81627e-05 7.78773e-09
-0.0497803 0.00247813 0.00999756 9.99764e-05 1.00053e-08
-0.048999 0.00240094 0.0104492 0.000109199 1.19298e-08
-0.0484375 0.00234628 0.010376 0.000107688 1.16083e-08
-0.0477539 0.00228059 0.010437 0.000108935 1.18684e-08
-0.0475586 0.00226188 0.0105591 0.000111528 1.24534e-08
-0.0470215 0.0022112 0.0111938 0.000125332 1.57231e-08
-0.0458496 0.00210222 0.0111206 0.000123681 1.53036e-08
-0.0455811 0.00207767 0.0115112 0.000132574 1.76106e-08
-0.045166 0.00204011 0.0115845 0.000134207 1.80155e-08
-0.0450439 0.00202911 0.0118042 0.000139369 1.94404e-08
-0.0447266 0.00200057 0.0123169 0.000151725 2.30322e-08
-0.0445313 0.00198307 0.0119507 0.000142904 2.04703e-08
-0.0449463 0.00202025 0.011731 0.000137629 1.8949e-08
-0.0457275 0.00209107 0.0113525 0.000128961 1.6672e-08
-0.0446533 0.00199397 0.0107178 0.000114885 1.32051e-08
-0.0442139 0.0019549 0.0105103 0.000110473 1.22074e-08
-0.0435791 0.00189919 0.0103149 0.000106461 1.1361e-08
-0.0440918 0.00194416 0.0102539 0.000105155 1.10624e-08
-0.0441895 0.00195277 0.0104736 0.000109729 1.20545e-08
-0.0447266 0.00200064 0.0106323 0.000113066 1.27925e-08
-0.0446533 0.00199394 0.0104004 0.000108182 1.17096e-08
-0.0446289 0.0019918 0.0105835 0.000112022 1.25544e-08
-0.0446045 0.00198961 0.0108521 0.000117774 1.38742e-08
-0.0441406 0.00194849 0.011145 0.000124295 1.5491e-08
-0.0441895 0.00195273 0.0109497 0.000119944 1.44096e-08
-0.0445313 0.00198312 0.0105591 0.000111516 1.24455e-08
-0.0454834 0.00206884 0.0103638 0.000107433 1.15525e-08
-0.0452637 0.00204895 0.0105591 0.00011154 1.24611e-08
-0.0447754 0.00200493 0.0106079 0.000112535 1.26674e-08
-0.0458008 0.00209777 0.0105469 0.000111249 1.23819e-08
-0.0456055 0.0020799 0.011084 0.000122887 1.51169e-08
-0.0459717 0.00211342 0.0116455 0.000135726 1.84799e-08
-0.0459961 0.00211569 0.0120117 0.000144309 2.08408e-08
-0.0459717 0.00211343 0.0122925 0.000151117 2.28437e-08
-0.0453369 0.00205553 0.0123535 0.000152633 2.33109e-08
-0.0458496 0.00210239 0.0124634 0.000155355 2.41471e-08
-0.0455566 0.00207543 0.012561 0.000157793 2.4907e-08
-0.0455078 0.002071 0.0122437 0.000149961 2.25209e-08
-0.0446289 0.00199177 0.0116455 0.000135669 1.84343e-08
-0.0444092 0.00197225 0.0117676 0.000138491 1.91884e-08
-0.0451416 0.00203801 0.0113525 0.000128919 1.66402e-08
-0.0456543 0.00208446 0.0116821 0.000136508 1.86538e-08
-0.0466553 0.00217676 0.0115967 0.000134543 1.81335e-08
-0.04729 0.00223649 0.0112671 0.000126959 1.61248e-08
-0.0473877 0.00224563 0.0114624 0.000131418 1.72871e-08
-0.0474121 0.00224794 0.011377 0.0001295 1.6804e-08
-0.0481201 0.00231563 0.0110962 0.000123198 1.52134e-08
-0.0484375 0.00234629 0.0105347 0.000110985 1.23205e-08
-0.048999 0.00240095 0.00999756 0.00010003 1.0038e-08
-0.0488281 0.00238422 0.00968018 9.37298e-05 8.79423e-09
-0.0489502 0.00239627 0.00947266 8.97437e-05 8.05844e-09
-0.0503418 0.00253432 0.00930176 8.65579e-05 7.50456e-09
-0.0502686 0.00252698 0.0088501 7.83339e-05 6.13924e-09
-0.0505371 0.00255407 0.00841064 7.07582e-05 5.01217e-09
-0.050293 0.00252942 0.00838623 7.03409e-05 4.95123e-09
-0.0499268 0.00249334 0.00803223 6.4525e-05 4.16564e-09
-0.0480469 0.00230858 0.00804443 6.4753e-05 4.20323e-09
-0.0492676 0.00242753 0.00889893 7.93949e-05 6.3684e-09
-0.0501953 0.0025196 0.00883789 7.81834e-05 6.13613e-09
-0.0501709 0.00251718 0.00820313 6.73205e-05 4.53985e-09
-0.0505615 0.00255653 0.00782471 6.12453e-05 3.75567e-09
-0.0506836 0.00256894 0.00784912 6.16327e-05 3.80447e-09
-0.0505371 0.00255413 0.00844727 7.13766e-05 5.10036e-09
-0.0500977 0.00250984 0.00823975 6.79091e-05 4.61589e-09
-0.0487549 0.00237718 0.00821533 6.75157e-05 4.56481e-09
-0.0483643 0.00233918 0.0079834 6.378e-05 4.07941e-09
-0.0494385 0.00244439 0.00760498 5.78478e-05 3.34917e-09
-0.0493896 0.00243942 0.00736084 5.4206e-05 2.94345e-09
-0.0482422 0.00232738 0.00758057 5.75438e-05 3.32907e-09
-0.048291 0.00233212 0.00767822 5.89743e-05 3.48252e-09
-0.0483887 0.00234152 0.00800781 6.41555e-05 4.1237e-09
-0.0500732 0.00250773 0.00836182 6.99416e-05 4.8978e-09
-0.0513672 0.00263864 0.00834961 6.97464e-05 4.87305e-09
-0.0512207 0.00262359 0.00841064 7.07522e-05 5.0096e-09
-0.050708 0.00257143 0.00844727 7.13706e-05 5.09786e-09
-0.0507324 0.00257384 0.0081665 6.6711e-05 4.4555e-09
-0.050415 0.00254177 0.00797119 6.3552e-05 4.04193e-09
-0.0497803 0.0024781 0.00773926 5.99265e-05 3.59829e-09
-0.0500244 0.00250248 0.00704346 4.96373e-05 2.46919e-09
-0.049292 0.00242975 0.00709229 5.03197e-05 2.53593e-09
-0.049585 0.00245879 0.00665283 4.43771e-05 1.99022e-09
-0.0497559 0.0024757 0.00601807 3.6259e-05 1.32079e-09
-0.0490723 0.00240824 0.005896 3.47868e-05 1.21343e-09
-0.0490234 0.00240347 0.00595703 3.55273e-05 1.26799e-09
-0.0481445 0.00231801 0.00577393 3.33682e-05 1.11747e-09
-0.0490479 0.00240573 0.00545654 2.98217e-05 8.95113e-10
-0.0496826 0.00246841 0.00559082 3.12746e-05 9.8028e-10
-0.049707 0.00247082 0.00625 3.90857e-05 1.53132e-09
-0.0496338 0.00246356 0.00653076 4.26665e-05 1.8231e-09
-0.0499268 0.00249271 0.00633545 4.01571e-05 1.6157e-09
-0.0497559 0.00247568 0.00664062 4.41104e-05 1.94793e-09
-0.048877 0.0023891 0.00621338 3.86789e-05 1.50714e-09
-0.0481689 0.00232027 0.00579834 3.36543e-05 1.13712e-09
-0.0479248 0.00229687 0.00596924 3.5651e-05 1.27375e-09
-0.0478516 0.00228997 0.00667725 4.4699e-05 2.01705e-09
-0.0472168 0.00222962 0.00664062 4.41194e-05 1.95027e-09
-0.0472412 0.00223182 0.00598145 3.58313e-05 1.29156e-09
-0.0467285 0.0021836 0.00640869 4.11049e-05 1.69512e-09
-0.0468506 0.00219501 0.00621338 3.86193e-05 1.49348e-09
-0.0473877 0.00224567 0.00618896 3.83273e-05 1.47268e-09
-0.0476807 0.00227346 0.00604248 3.65272e-05 1.33652e-09
-0.0473633 0.00224336 0.00562744 3.16754e-05 1.00425e-09
-0.047583 0.00226417 0.00557861 3.11866e-05 9.80842e-10
-0.0476318 0.00226883 0.00511475 2.61739e-05 6.86444e-10
-0.0471924 0.00222724 0.00484619 2.3593e-05 5.6638e-10
-0.0462402 0.00213834 0.00462646 2.14174e-05 4.59828e-10
-0.0458008 0.00209774 0.00439453 1.93655e-05 3.79171e-10
-0.0459717 0.00211342 0.00461426 2.13236e-05 4.57393e-10
-0.0456055 0.00207988 0.00484619 2.35215e-05 5.56596e-10
-0.0455811 0.00207767 0.00494385 2.44513e-05 5.98814e-10
-0.0464844 0.00216118 0.00478516 2.2918e-05 5.27069e-10
-0.0477539 0.00228045 0.00465088 2.1638e-05 4.68832e-10
-0.0474365 0.00225032 0.00438232 1.92925e-05 3.7883e-10
-0.0470215 0.00221111 0.00406494 1.65656e-05 2.77193e-10
-0.0465576 0.00216767 0.00374756 1.40682e-05 1.99278e-10
-0.0477783 0.00228289 0.00435791 1.90035e-05 3.62044e-10
-0.0479492 0.00229917 0.00505371 2.55525e-05 6.54207e-10
-0.0482178 0.002325 0.00501709 2.52262e-05 6.42127e-10
-0.0469971 0.00220898 0.00532227 2.83539e-05 8.06986e-10
-0.0468262 0.00219275 0.00599365 3.59908e-05 1.30511e-09
-0.0460693 0.00212246 0.00640869 4.1081e-05 1.68924e-09
-0.0460449 0.00212015 0.00692139 4.79177e-05 2.29841e-09
-0.0456055 0.00208011 0.00761719 5.80817e-05 3.38738e-09
-0.0453125 0.0020533 0.00853271 7.28384e-05 5.31438e-09
-0.0447021 0.0019983 0.00853271 7.28205e-05 5.30666e-09
-0.0454102 0.00206233 0.00876465 7.68274e-05 5.90502e-09
-0.045874 0.00210446 0.00855713 7.32496e-05 5.37297e-09
-0.0462891 0.00214275 0.00915527 8.38399e-05 7.03612e-09
-0.0467529 0.00218624 0.00909424 8.27327e-05 6.85391e-09
-0.0477539 0.00228049 0.00897217 8.05631e-05 6.51081e-09
-0.0479004 0.00229447 0.00887451 7.8775e-05 6.21115e-09
-0.0466553 0.00217702 0.00839844 7.06017e-05 5.00378e-09
-0.0460205 0.00211797 0.00819092 6.71104e-05 4.50894e-09
-0.0469727 0.00220654 0.00861816 7.42853e-05 5.52202e-09
-0.0470215 0.00221112 0.00861816 7.43479e-05 5.5499e-09
-0.0468994 0.00219963 0.00894775 8.0128e-05 6.44146e-09
-0.0462646 0.00214061 0.00933838 8.72567e-05 7.63192e-09
-0.0455322 0.00207322 0.00997314 9.94757e-05 9.9002e-09
-0.0462891 0.00214274 0.00922852 8.52108e-05 7.2765e-09
-0.0458496 0.0021022 0.009375 8.79139e-05 7.73703e-09
-0.0452393 0.00204677 0.00904541 8.18387e-05 6.70384e-09
-0.0446289 0.00199176 0.00963135 9.2788e-05 8.61895e-09
-0.0440918 0.00194417 0.00997314 9.94936e-05 9.91082e-09
-0.0444824 0.00197887 0.0106445 0.000113386 1.28929e-08
-0.0444336 0.00197442 0.0112793 0.000127232 1.61929e-08
-0.0443848 0.00197011 0.0110718 0.000122614 1.50489e-08
-0.0428467 0.00183615 0.0109741 0.000120451 1.45176e-08
-0.0428955 0.00184029 0.0110474 0.000122096 1.49324e-08
-0.0432617 0.00187165 0.0116455 0.000135672 1.84364e-08
-0.0435059 0.00189281 0.0127197 0.000161847 2.62297e-08
-0.04375 0.0019141 0.0130737 0.000170936 2.92281e-08
-0.0445557 0.00198522 0.013208 0.000174493 3.04758e-08
-0.0454834 0.00206882 0.0125122 0.000156571 2.45243e-08
-0.0459473 0.00211126 0.0128784 0.000165863 2.75171e-08
-0.0459717 0.00211341 0.0131348 0.000172538 2.97799e-08
-0.0456055 0.00207992 0.0128906 0.000166237 2.7681e-08
-0.0441895 0.00195298 0.0128296 0.000164606 2.70998e-08
-0.0439941 0.00193561 0.0127563 0.000162734 2.64887e-08
-0.0447754 0.00200511 0.0126099 0.000159068 2.5341e-08
-0.045166 0.00204006 0.0123901 0.000153579 2.36257e-08
-0.044458 0.00197656 0.0130371 0.000169989 2.89122e-08
-0.044751 0.00200266 0.0129517 0.000167759 2.81519e-08
-0.0442627 0.00195923 0.0130371 0.000169984 2.89062e-08
-0.0447266 0.00200051 0.0131958 0.000174148 3.0341e-08
-0.0447754 0.00200486 0.0125732 0.000158104 2.50083e-08
-0.0448486 0.00201145 0.0125122 0.000156565 2.45187e-08
-0.0451416 0.00203782 0.0124634 0.000155349 2.41416e-08
-0.0447998 0.00200732 0.0127686 0.000163069 2.66133e-08
-0.0447266 0.00200064 0.0126831 0.00016097 2.59809e-08
-0.0447021 0.00199835 0.0120117 0.000144312 2.08435e-08
-0.0457275 0.00209122 0.0122192 0.000149329 2.23106e-08
-0.0463379 0.00214726 0.0122925 0.000151117 2.28437e-08
-0.0471436 0.00222254 0.0124756 0.000155663 2.42456e-08
-0.0476562 0.0022712 0.0125854 0.000158413 2.51068e-08
-0.0483643 0.00233919 0.0127197 0.000161815 2.6199e-08
-0.050293 0.00252969 0.0124146 0.000154217 2.38431e-08
-0.0508057 0.00258129 0.0125366 0.000157203 2.47352e-08
-0.050293 0.00252943 0.0129395 0.000167474 2.80775e-08
-0.0502197 0.00252218 0.0124146 0.000154139 2.37699e-08
-0.0500732 0.00250744 0.012085 0.000146061 2.13426e-08
-0.0495605 0.00245653 0.0126953 0.000161251 2.60539e-08
-0.0491943 0.00242013 0.0129517 0.000167753 2.81459e-08
-0.0501709 0.00251724 0.0131958 0.000174148 3.0341e-08
-0.0504883 0.0025491 0.0129761 0.000168397 2.83695e-08
-0.0507324 0.00257385 0.012439 0.000154783 2.39922e-08
-0.051416 0.00264368 0.011731 0.000137641 1.89588e-08
-0.0509033 0.00259123 0.0113647 0.000129212 1.67242e-08
-0.0516846 0.00267155 0.012085 0.000146216 2.14763e-08
-0.0533936 0.00285119 0.0121826 0.00014843 2.20401e-08
-0.0542236 0.00294035 0.0116089 0.00013478 1.81727e-08
-0.0548584 0.00300948 0.0118408 0.000140262 1.97051e-08
-0.0554443 0.00307416 0.0119751 0.000143416 2.05759e-08
-0.0545898 0.00298009 0.0122925 0.000151129 2.28545e-08
-0.0544678 0.00296684 0.0122803 0.000150836 2.27697e-08
-0.0533691 0.00284846 0.0125854 0.000158401 2.50954e-08
-0.0525879 0.00276551 0.0126709 0.000160578 2.58021e-08
-0.0529785 0.00280678 0.0127563 0.00016274 2.64945e-08
-0.0534424 0.00285614 0.0123291 0.00015206 2.3155e-08
-0.055249 0.00305315 0.0119263 0.000142248 2.02413e-08
-0.0564453 0.00318614 0.0121582 0.000147834 2.18624e-08
-0.0573242 0.00328612 0.012146 0.000147547 2.17829e-08
-0.0576416 0.0033227 0.011853 0.000140502 1.97448e-08
-0.0572754 0.0032806 0.0117188 0.000137347 1.8874e-08
-0.0575195 0.00330856 0.0117188 0.000137371 1.88939e-08
-0.0575439 0.00331134 0.0114868 0.000132014 1.74631e-08
-0.0577637 0.00333668 0.0111206 0.000123699 1.5317e-08
-0.0577637 0.00333673 0.0110962 0.000123157 1.51827e-08
-0.0577637 0.00333669 0.0107788 0.000116248 1.35441e-08
-0.0580322 0.00336781 0.0101196 0.000102444 1.05099e-08
-0.0591797 0.00350233 0.00969238 9.39697e-05 8.84065e-09
-0.0584961 0.00342197 0.00965576 9.32887e-05 8.72322e-09
-0.0574219 0.00329744 0.009375 8.79079e-05 7.73383e-09
-0.057959 0.0033595 0.00905762 8.20845e-05 6.75224e-09
-0.0592041 0.00350519 0.0095459 9.12398e-05 8.3663e-09
-0.0586914 0.00344479 0.0102905 0.000105937 1.12404e-08
-0.0584961 0.00342182 0.0105957 0.000112304 1.26279e-08
-0.0583496 0.00340477 0.0108643 0.000118062 1.39527e-08
-0.0572266 0.00327493 0.01073 0.000115152 1.32688e-08
-0.0563965 0.00318065 0.0109497 0.000119962 1.44222e-08
-0.0554932 0.00307959 0.0112915 0.000127526 1.62769e-08
-0.0556396 0.00309588 0.0109985 0.000120987 1.46471e-08
-0.0570068 0.00325006 0.0112427 0.000126417 1.59909e-08
-0.0578613 0.00334805 0.0110352 0.000121796 1.48447e-08
-0.0579102 0.00335369 0.0109741 0.000120462 1.45261e-08
-0.057251 0.00327782 0.0100098 0.00010024 1.0066e-08
-0.0576172 0.00331978 0.00916748 8.40738e-05 7.07901e-09
-0.0578613 0.00334803 0.00872803 7.61881e-05 5.80759e-09
-0.0577393 0.00333387 0.00917969 8.43316e-05 7.13381e-09
-0.0569092 0.0032387 0.00963135 9.27702e-05 8.60902e-09
-0.0568359 0.0032304 0.00981445 9.6339e-05 9.28711e-09
-0.0576904 0.00332846 0.00935059 8.74907e-05 7.67464e-09
-0.0588623 0.00346482 0.0092041 8.4728e-05 7.18307e-09
-0.0584229 0.00341331 0.009375 8.7899e-05 7.72917e-09
-0.0588867 0.00346768 0.00894775 8.0128e-05 6.4417e-09
-0.0585693 0.00343042 0.00872803 7.61941e-05 5.81031e-09
-0.0594482 0.00353454 0.00905762 8.20547e-05 6.73769e-09
-0.0600586 0.00360709 0.00933838 8.72388e-05 7.62231e-09
-0.0600342 0.00360431 0.00909424 8.27864e-05 6.88046e-09
-0.0612549 0.00375219 0.00914307 8.36149e-05 6.9979e-09
-0.0613525 0.00376417 0.00943604 8.90687e-05 7.94396e-09
-0.0614746 0.00377917 0.00924072 8.54924e-05 7.34386e-09
-0.0607178 0.00368673 0.00894775 8.00863e-05 6.42146e-09
-0.0601318 0.00361606 0.0086792 7.53418e-05 5.6804e-09
-0.0600586 0.00360719 0.00876465 7.68602e-05 5.92007e-09
-0.0591797 0.00350244 0.00870361 7.57769e-05 5.74937e-09
-0.0599854 0.00359843 0.00834961 6.97374e-05 4.86925e-09
-0.0611328 0.00373732 0.00766602 5.87881e-05 3.46084e-09
-0.0618896 0.00383051 0.00759277 5.76943e-05 3.33872e-09
-0.0623047 0.00388203 0.0067749 4.60282e-05 2.14133e-09
-0.0621338 0.00386065 0.00552979 3.06621e-05 9.50231e-10
-0.0627197 0.0039339 0.00506592 2.56792e-05 6.61026e-10
-0.0628906 0.0039553 0.00467529 2.18824e-05 4.80916e-10
-0.0634766 0.00402935 0.0048584 2.36124e-05 5.58338e-10
-0.0638916 0.00408219 0.00467529 2.18645e-05 4.78586e-10
-0.0635986 0.00404497 0.00455322 2.07379e-05 4.30566e-10
-0.0621094 0.00385764 0.00474854 2.25797e-05 5.1259e-10
-0.0621582 0.0038637 0.00491943 2.42129e-05 5.87438e-10
-0.061792 0.00381864 0.00517578 2.68221e-05 7.23027e-10
-0.0608154 0.00369852 0.00545654 2.98336e-05 8.96987e-10
-0.0607422 0.00368966 0.00489502 2.39685e-05 5.75188e-10
-0.0604248 0.00365121 0.0057251 3.28496e-05 1.08834e-09
-0.0601074 0.00361296 0.00493164 2.44617e-05 6.1244e-10
-0.0601074 0.00361294 0.00452881 2.05472e-05 4.25271e-10
-0.0599609 0.00359535 0.00478516 2.2912e-05 5.26279e-10
-0.0606445 0.00367798 0.00484619 2.34917e-05 5.52436e-10
-0.0618164 0.00382133 0.00494385 2.44513e-05 5.98814e-10
-0.0614014 0.00377017 0.00482178 2.32831e-05 5.4522e-10
-0.0610352 0.00372539 0.00457764 2.09823e-05 4.4257e-10
-0.0621094 0.00385785 0.00378418 1.43647e-05 2.08908e-10
-0.0627197 0.00393381 0.00305176 9.34899e-06 8.87775e-11
-0.0625488 0.0039124 0.00280762 7.9006e-06 6.29837e-11
